#
# There is insufficient memory for the Java Runtime Environment to continue.
# Native memory allocation (malloc) failed to allocate 66976 bytes for Chunk::new
# Possible reasons:
#   The system is out of physical RAM or swap space
#   The process is running with CompressedOops enabled, and the Java Heap may be blocking the growth of the native heap
# Possible solutions:
#   Reduce memory load on the system
#   Increase physical memory or swap space
#   Check if swap backing store is full
#   Decrease Java heap size (-Xmx/-Xms)
#   Decrease number of Java threads
#   Decrease Java thread stack sizes (-Xss)
#   Set larger code cache with -XX:ReservedCodeCacheSize=
#   JVM is running with Unscaled Compressed Oops mode in which the Java heap is
#     placed in the first 4GB address space. The Java Heap base address is the
#     maximum limit for the native heap growth. Please use -XX:HeapBaseMinAddress
#     to set the Java Heap base and to place the Java Heap above 4GB virtual address.
# This output file may be truncated or incomplete.
#
#  Out of Memory Error (./src/hotspot/share/memory/arena.cpp:197), pid=11548, tid=10252
#
# JRE version: OpenJDK Runtime Environment Microsoft-7208460 (11.0.18+10) (build 11.0.18+10-LTS)
# Java VM: OpenJDK 64-Bit Server VM Microsoft-7208460 (11.0.18+10-LTS, mixed mode, tiered, compressed oops, g1 gc, windows-amd64)
# No core dump will be written. Minidumps are not enabled by default on client versions of Windows
#

---------------  S U M M A R Y ------------

Command Line: -XX:MaxMetaspaceSize=512m --add-opens=java.base/java.util=ALL-UNNAMED --add-opens=java.base/java.lang=ALL-UNNAMED --add-opens=java.base/java.lang.invoke=ALL-UNNAMED --add-opens=java.base/java.util=ALL-UNNAMED --add-opens=java.prefs/java.util.prefs=ALL-UNNAMED --add-opens=java.prefs/java.util.prefs=ALL-UNNAMED --add-opens=java.base/java.nio.charset=ALL-UNNAMED --add-opens=java.base/java.net=ALL-UNNAMED --add-opens=java.base/java.util.concurrent.atomic=ALL-UNNAMED -Xmx2048m -Dfile.encoding=windows-1252 -Duser.country=VE -Duser.language=es -Duser.variant org.gradle.launcher.daemon.bootstrap.GradleDaemon 7.5.1

Host: AMD Ryzen 7 3700U with Radeon Vega Mobile Gfx  , 8 cores, 7G,  Windows 10 , 64 bit Build 19041 (10.0.19041.2913)
Time: Sat Jun  3 22:50:18 2023 Hora estándar de Venezuela elapsed time: 62.850761 seconds (0d 0h 1m 2s)

---------------  T H R E A D  ---------------

Current thread (0x0000014f4e6dd000):  JavaThread "C2 CompilerThread0" daemon [_thread_in_native, id=10252, stack(0x0000002265c00000,0x0000002265d00000)]


Current CompileTask:
C2:  62850 15196       4       org.codehaus.groovy.runtime.dgm$27::doMethodInvoke (17 bytes)

Stack: [0x0000002265c00000,0x0000002265d00000]
Native frames: (J=compiled Java code, j=interpreted, Vv=VM code, C=native code)
V  [jvm.dll+0x62bf8a]
V  [jvm.dll+0x7b8fb9]
V  [jvm.dll+0x7ba6a8]
V  [jvm.dll+0x7bad83]
V  [jvm.dll+0x250248]
V  [jvm.dll+0xc260c]
V  [jvm.dll+0xc2bcc]
V  [jvm.dll+0x2c4e64]
V  [jvm.dll+0x533dcc]
V  [jvm.dll+0x208c26]
V  [jvm.dll+0x20af06]
V  [jvm.dll+0x2083eb]
V  [jvm.dll+0x18a4b1]
V  [jvm.dll+0x217eec]
V  [jvm.dll+0x21612b]
V  [jvm.dll+0x77bac0]
V  [jvm.dll+0x7749f4]
V  [jvm.dll+0x62adf5]
C  [ucrtbase.dll+0x21bb2]
C  [KERNEL32.DLL+0x17614]
C  [ntdll.dll+0x526a1]


---------------  P R O C E S S  ---------------

Threads class SMR info:
_java_thread_list=0x0000014f5d378330, length=135, elements={
0x0000014f2ec85000, 0x0000014f4dd55000, 0x0000014f4dd56000, 0x0000014f4dda5800,
0x0000014f4dda6800, 0x0000014f4e6d2800, 0x0000014f4e6dd000, 0x0000014f4e6e9000,
0x0000014f4ddab000, 0x0000014f4e84e800, 0x0000014f50242000, 0x0000014f4fa66800,
0x0000014f50b4c800, 0x0000014f4fa7c000, 0x0000014f4fcf7000, 0x0000014f50a6d800,
0x0000014f5022c800, 0x0000014f50ebe800, 0x0000014f4ee5a800, 0x0000014f4ee5b000,
0x0000014f4e739800, 0x0000014f4e73a800, 0x0000014f4e737000, 0x0000014f4e735800,
0x0000014f4e738000, 0x0000014f4e739000, 0x0000014f4e73b800, 0x0000014f4e73c000,
0x0000014f4e736800, 0x0000014f51727000, 0x0000014f51729800, 0x0000014f5172d800,
0x0000014f5172a800, 0x0000014f5172e800, 0x0000014f51728800, 0x0000014f51731800,
0x0000014f51732800, 0x0000014f51733800, 0x0000014f51734000, 0x0000014f51735000,
0x0000014f5172f000, 0x0000014f51730000, 0x0000014f51731000, 0x0000014f522ff800,
0x0000014f522fa800, 0x0000014f522fe000, 0x0000014f52300800, 0x0000014f52301000,
0x0000014f522fe800, 0x0000014f522fb800, 0x0000014f52302000, 0x0000014f522fc800,
0x0000014f52303000, 0x0000014f522fd000, 0x0000014f52309800, 0x0000014f52307000,
0x0000014f52308800, 0x0000014f52304800, 0x0000014f52306000, 0x0000014f52307800,
0x0000014f52305800, 0x0000014f52303800, 0x0000014f5098e000, 0x0000014f50989800,
0x0000014f50988000, 0x0000014f5098a800, 0x0000014f5098e800, 0x0000014f50989000,
0x0000014f50990000, 0x0000014f5098f800, 0x0000014f50991000, 0x0000014f5098b800,
0x0000014f50992000, 0x0000014f5098c000, 0x0000014f50992800, 0x0000014f5098d000,
0x0000014f50993800, 0x0000014f50994800, 0x0000014f50995000, 0x0000014f50996000,
0x0000014f50997000, 0x0000014f51d0c000, 0x0000014f51d0b800, 0x0000014f51d09000,
0x0000014f51d0a000, 0x0000014f51d0a800, 0x0000014f51d07800, 0x0000014f51d0e000,
0x0000014f51d0d000, 0x0000014f51d08000, 0x0000014f54ac5800, 0x0000014f54ac4000,
0x0000014f54ac1800, 0x0000014f54ac5000, 0x0000014f54ac2800, 0x0000014f54ac0000,
0x0000014f54ac6800, 0x0000014f54ac0800, 0x0000014f54ac3000, 0x0000014f51ee2000,
0x0000014f51edd800, 0x0000014f51ee0800, 0x0000014f51ee3000, 0x0000014f51ee1800,
0x0000014f51ee4000, 0x0000014f51ede000, 0x0000014f51edf000, 0x0000014f51ee0000,
0x0000014f51ee5800, 0x0000014f51eea800, 0x0000014f51ee6800, 0x0000014f51ee9800,
0x0000014f51ee8800, 0x0000014f51ee7000, 0x0000014f51ee4800, 0x0000014f51eeb000,
0x0000014f51eec000, 0x0000014f51ee8000, 0x0000014f51e83000, 0x0000014f51e7d800,
0x0000014f51e7f000, 0x0000014f51e84000, 0x0000014f51e80800, 0x0000014f51e80000,
0x0000014f51e81800, 0x0000014f51e7e000, 0x0000014f51e82000, 0x0000014f51e89800,
0x0000014f51e88000, 0x0000014f51e8a800, 0x0000014f51e86800, 0x0000014f51e89000,
0x0000014f51e84800, 0x0000014f51e85800, 0x0000014f51e87000
}

Java Threads: ( => current thread )
  0x0000014f2ec85000 JavaThread "main" [_thread_blocked, id=10616, stack(0x0000002265000000,0x0000002265100000)]
  0x0000014f4dd55000 JavaThread "Reference Handler" daemon [_thread_blocked, id=11464, stack(0x0000002265700000,0x0000002265800000)]
  0x0000014f4dd56000 JavaThread "Finalizer" daemon [_thread_blocked, id=15724, stack(0x0000002265800000,0x0000002265900000)]
  0x0000014f4dda5800 JavaThread "Signal Dispatcher" daemon [_thread_blocked, id=9060, stack(0x0000002265900000,0x0000002265a00000)]
  0x0000014f4dda6800 JavaThread "Attach Listener" daemon [_thread_blocked, id=4400, stack(0x0000002265a00000,0x0000002265b00000)]
  0x0000014f4e6d2800 JavaThread "Service Thread" daemon [_thread_blocked, id=4924, stack(0x0000002265b00000,0x0000002265c00000)]
=>0x0000014f4e6dd000 JavaThread "C2 CompilerThread0" daemon [_thread_in_native, id=10252, stack(0x0000002265c00000,0x0000002265d00000)]
  0x0000014f4e6e9000 JavaThread "C1 CompilerThread0" daemon [_thread_blocked, id=2492, stack(0x0000002265d00000,0x0000002265e00000)]
  0x0000014f4ddab000 JavaThread "Sweeper thread" daemon [_thread_blocked, id=11900, stack(0x0000002265e00000,0x0000002265f00000)]
  0x0000014f4e84e800 JavaThread "Common-Cleaner" daemon [_thread_blocked, id=244, stack(0x0000002265f00000,0x0000002266000000)]
  0x0000014f50242000 JavaThread "Daemon health stats" [_thread_blocked, id=15540, stack(0x0000002266400000,0x0000002266500000)]
  0x0000014f4fa66800 JavaThread "Incoming local TCP Connector on port 49645" [_thread_in_native, id=1200, stack(0x0000002266100000,0x0000002266200000)]
  0x0000014f50b4c800 JavaThread "Daemon periodic checks" [_thread_blocked, id=15700, stack(0x0000002266300000,0x0000002266400000)]
  0x0000014f4fa7c000 JavaThread "Daemon" [_thread_blocked, id=8364, stack(0x0000002266500000,0x0000002266600000)]
  0x0000014f4fcf7000 JavaThread "Handler for socket connection from /127.0.0.1:49645 to /127.0.0.1:49646" [_thread_in_native, id=8704, stack(0x0000002266600000,0x0000002266700000)]
  0x0000014f50a6d800 JavaThread "Cancel handler" [_thread_blocked, id=14144, stack(0x0000002266700000,0x0000002266800000)]
  0x0000014f5022c800 JavaThread "Daemon worker" [_thread_blocked, id=9656, stack(0x0000002266800000,0x0000002266900000)]
  0x0000014f50ebe800 JavaThread "Asynchronous log dispatcher for DefaultDaemonConnection: socket connection from /127.0.0.1:49645 to /127.0.0.1:49646" [_thread_blocked, id=12720, stack(0x0000002266900000,0x0000002266a00000)]
  0x0000014f4ee5a800 JavaThread "Stdin handler" [_thread_blocked, id=13384, stack(0x0000002266a00000,0x0000002266b00000)]
  0x0000014f4ee5b000 JavaThread "Daemon client event forwarder" [_thread_blocked, id=15824, stack(0x0000002266b00000,0x0000002266c00000)]
  0x0000014f4e739800 JavaThread "Cache worker for journal cache (C:\Users\jorge\.gradle\caches\journal-1)" [_thread_blocked, id=15120, stack(0x0000002267300000,0x0000002267400000)]
  0x0000014f4e73a800 JavaThread "File lock request listener" [_thread_in_native, id=13308, stack(0x0000002267400000,0x0000002267500000)]
  0x0000014f4e737000 JavaThread "Cache worker for file hash cache (C:\Users\jorge\.gradle\caches\7.5.1\fileHashes)" [_thread_blocked, id=13120, stack(0x0000002267500000,0x0000002267600000)]
  0x0000014f4e735800 JavaThread "File watcher server" daemon [_thread_in_native, id=2216, stack(0x0000002267900000,0x0000002267a00000)]
  0x0000014f4e738000 JavaThread "File watcher consumer" daemon [_thread_blocked, id=6280, stack(0x0000002267a00000,0x0000002267b00000)]
  0x0000014f4e739000 JavaThread "Cache worker for checksums cache (C:\xampp\htdocs\ComunitiesApp\android\.gradle\7.5.1\checksums)" [_thread_blocked, id=13584, stack(0x0000002267800000,0x0000002267900000)]
  0x0000014f4e73b800 JavaThread "Cache worker for cache directory md-rule (C:\Users\jorge\.gradle\caches\7.5.1\md-rule)" [_thread_blocked, id=15280, stack(0x0000002267b00000,0x0000002267c00000)]
  0x0000014f4e73c000 JavaThread "Cache worker for file content cache (C:\Users\jorge\.gradle\caches\7.5.1\fileContent)" [_thread_blocked, id=15752, stack(0x0000002267c00000,0x0000002267d00000)]
  0x0000014f4e736800 JavaThread "Cache worker for file hash cache (C:\xampp\htdocs\ComunitiesApp\android\.gradle\7.5.1\fileHashes)" [_thread_blocked, id=8036, stack(0x0000002267d00000,0x0000002267e00000)]
  0x0000014f51727000 JavaThread "Cache worker for cache directory md-supplier (C:\Users\jorge\.gradle\caches\7.5.1\md-supplier)" [_thread_blocked, id=15452, stack(0x0000002267e00000,0x0000002267f00000)]
  0x0000014f51729800 JavaThread "Cache worker for execution history cache (C:\Users\jorge\.gradle\caches\7.5.1\executionHistory)" [_thread_blocked, id=6940, stack(0x0000002267f00000,0x0000002268000000)]
  0x0000014f5172d800 JavaThread "jar transforms" [_thread_blocked, id=4936, stack(0x0000002268100000,0x0000002268200000)]
  0x0000014f5172a800 JavaThread "jar transforms Thread 2" [_thread_blocked, id=8588, stack(0x0000002268200000,0x0000002268300000)]
  0x0000014f5172e800 JavaThread "jar transforms Thread 3" [_thread_blocked, id=5676, stack(0x0000002268300000,0x0000002268400000)]
  0x0000014f51728800 JavaThread "jar transforms Thread 4" [_thread_blocked, id=4752, stack(0x0000002268400000,0x0000002268500000)]
  0x0000014f51731800 JavaThread "Cache worker for kotlin-dsl (C:\Users\jorge\.gradle\caches\7.5.1\kotlin-dsl)" [_thread_blocked, id=11944, stack(0x0000002268500000,0x0000002268600000)]
  0x0000014f51732800 JavaThread "jar transforms Thread 5" [_thread_blocked, id=5196, stack(0x0000002268600000,0x0000002268700000)]
  0x0000014f51733800 JavaThread "jar transforms Thread 6" [_thread_blocked, id=16264, stack(0x0000002268700000,0x0000002268800000)]
  0x0000014f51734000 JavaThread "Cache worker for dependencies-accessors (C:\xampp\htdocs\ComunitiesApp\android\.gradle\7.5.1\dependencies-accessors)" [_thread_blocked, id=14064, stack(0x0000002268800000,0x0000002268900000)]
  0x0000014f51735000 JavaThread "Cache worker for Build Output Cleanup Cache (C:\xampp\htdocs\ComunitiesApp\node_modules\react-native-gradle-plugin\.gradle\buildOutputCleanup)" [_thread_blocked, id=6776, stack(0x0000002268000000,0x0000002268100000)]
  0x0000014f5172f000 JavaThread "jar transforms Thread 7" [_thread_blocked, id=2308, stack(0x0000002268900000,0x0000002268a00000)]
  0x0000014f51730000 JavaThread "Unconstrained build operations" [_thread_blocked, id=2760, stack(0x0000002268b00000,0x0000002268c00000)]
  0x0000014f51731000 JavaThread "Unconstrained build operations Thread 2" [_thread_blocked, id=13068, stack(0x0000002268c00000,0x0000002268d00000)]
  0x0000014f522ff800 JavaThread "Unconstrained build operations Thread 3" [_thread_blocked, id=15916, stack(0x0000002268d00000,0x0000002268e00000)]
  0x0000014f522fa800 JavaThread "Unconstrained build operations Thread 4" [_thread_blocked, id=5756, stack(0x0000002268e00000,0x0000002268f00000)]
  0x0000014f522fe000 JavaThread "Unconstrained build operations Thread 5" [_thread_blocked, id=15380, stack(0x0000002268f00000,0x0000002269000000)]
  0x0000014f52300800 JavaThread "Unconstrained build operations Thread 6" [_thread_blocked, id=12304, stack(0x0000002269000000,0x0000002269100000)]
  0x0000014f52301000 JavaThread "Unconstrained build operations Thread 7" [_thread_blocked, id=14316, stack(0x0000002269100000,0x0000002269200000)]
  0x0000014f522fe800 JavaThread "Unconstrained build operations Thread 8" [_thread_blocked, id=3036, stack(0x0000002269200000,0x0000002269300000)]
  0x0000014f522fb800 JavaThread "Unconstrained build operations Thread 9" [_thread_blocked, id=14792, stack(0x0000002269300000,0x0000002269400000)]
  0x0000014f52302000 JavaThread "Unconstrained build operations Thread 10" [_thread_blocked, id=9128, stack(0x0000002269400000,0x0000002269500000)]
  0x0000014f522fc800 JavaThread "Unconstrained build operations Thread 11" [_thread_blocked, id=8632, stack(0x0000002269500000,0x0000002269600000)]
  0x0000014f52303000 JavaThread "Unconstrained build operations Thread 12" [_thread_blocked, id=12968, stack(0x0000002269600000,0x0000002269700000)]
  0x0000014f522fd000 JavaThread "Unconstrained build operations Thread 13" [_thread_blocked, id=5916, stack(0x0000002269700000,0x0000002269800000)]
  0x0000014f52309800 JavaThread "Unconstrained build operations Thread 14" [_thread_blocked, id=8304, stack(0x0000002269800000,0x0000002269900000)]
  0x0000014f52307000 JavaThread "Unconstrained build operations Thread 15" [_thread_blocked, id=2576, stack(0x0000002269900000,0x0000002269a00000)]
  0x0000014f52308800 JavaThread "Unconstrained build operations Thread 16" [_thread_blocked, id=5580, stack(0x0000002269a00000,0x0000002269b00000)]
  0x0000014f52304800 JavaThread "Unconstrained build operations Thread 17" [_thread_blocked, id=15536, stack(0x0000002269b00000,0x0000002269c00000)]
  0x0000014f52306000 JavaThread "Unconstrained build operations Thread 18" [_thread_blocked, id=16356, stack(0x0000002269c00000,0x0000002269d00000)]
  0x0000014f52307800 JavaThread "Unconstrained build operations Thread 19" [_thread_blocked, id=10924, stack(0x0000002269d00000,0x0000002269e00000)]
  0x0000014f52305800 JavaThread "Unconstrained build operations Thread 20" [_thread_blocked, id=14836, stack(0x0000002269e00000,0x0000002269f00000)]
  0x0000014f52303800 JavaThread "Unconstrained build operations Thread 21" [_thread_blocked, id=16020, stack(0x0000002269f00000,0x000000226a000000)]
  0x0000014f5098e000 JavaThread "Unconstrained build operations Thread 22" [_thread_blocked, id=6188, stack(0x000000226a000000,0x000000226a100000)]
  0x0000014f50989800 JavaThread "Unconstrained build operations Thread 23" [_thread_blocked, id=6740, stack(0x000000226a100000,0x000000226a200000)]
  0x0000014f50988000 JavaThread "Unconstrained build operations Thread 24" [_thread_blocked, id=5316, stack(0x000000226a200000,0x000000226a300000)]
  0x0000014f5098a800 JavaThread "Unconstrained build operations Thread 25" [_thread_blocked, id=15896, stack(0x000000226a300000,0x000000226a400000)]
  0x0000014f5098e800 JavaThread "Unconstrained build operations Thread 26" [_thread_blocked, id=14636, stack(0x000000226a400000,0x000000226a500000)]
  0x0000014f50989000 JavaThread "Unconstrained build operations Thread 27" [_thread_blocked, id=11116, stack(0x000000226a500000,0x000000226a600000)]
  0x0000014f50990000 JavaThread "Unconstrained build operations Thread 28" [_thread_blocked, id=15408, stack(0x000000226a600000,0x000000226a700000)]
  0x0000014f5098f800 JavaThread "Unconstrained build operations Thread 29" [_thread_blocked, id=9108, stack(0x000000226a700000,0x000000226a800000)]
  0x0000014f50991000 JavaThread "Unconstrained build operations Thread 30" [_thread_blocked, id=14208, stack(0x000000226a800000,0x000000226a900000)]
  0x0000014f5098b800 JavaThread "Unconstrained build operations Thread 31" [_thread_blocked, id=16320, stack(0x000000226a900000,0x000000226aa00000)]
  0x0000014f50992000 JavaThread "Unconstrained build operations Thread 32" [_thread_blocked, id=14448, stack(0x000000226aa00000,0x000000226ab00000)]
  0x0000014f5098c000 JavaThread "Unconstrained build operations Thread 33" [_thread_blocked, id=13156, stack(0x000000226ab00000,0x000000226ac00000)]
  0x0000014f50992800 JavaThread "jar transforms Thread 8" [_thread_blocked, id=8996, stack(0x000000226ac00000,0x000000226ad00000)]
  0x0000014f5098d000 JavaThread "build event listener" [_thread_blocked, id=15588, stack(0x000000226ad00000,0x000000226ae00000)]
  0x0000014f50993800 JavaThread "Memory manager" [_thread_blocked, id=15376, stack(0x000000226ae00000,0x000000226af00000)]
  0x0000014f50994800 JavaThread "Cache worker for Build Output Cleanup Cache (C:\xampp\htdocs\ComunitiesApp\android\.gradle\buildOutputCleanup)" [_thread_blocked, id=1084, stack(0x0000002268a00000,0x0000002268b00000)]
  0x0000014f50995000 JavaThread "included builds" [_thread_blocked, id=4004, stack(0x000000226b000000,0x000000226b100000)]
  0x0000014f50996000 JavaThread "Execution worker" [_thread_blocked, id=8212, stack(0x000000226b100000,0x000000226b200000)]
  0x0000014f50997000 JavaThread "Execution worker Thread 2" [_thread_blocked, id=3076, stack(0x000000226b200000,0x000000226b300000)]
  0x0000014f51d0c000 JavaThread "Execution worker Thread 3" [_thread_blocked, id=12816, stack(0x000000226b300000,0x000000226b400000)]
  0x0000014f51d0b800 JavaThread "Execution worker Thread 4" [_thread_blocked, id=5736, stack(0x000000226b400000,0x000000226b500000)]
  0x0000014f51d09000 JavaThread "Execution worker Thread 5" [_thread_blocked, id=1344, stack(0x000000226b500000,0x000000226b600000)]
  0x0000014f51d0a000 JavaThread "Execution worker Thread 6" [_thread_blocked, id=13944, stack(0x000000226b600000,0x000000226b700000)]
  0x0000014f51d0a800 JavaThread "Execution worker Thread 7" [_thread_in_Java, id=15872, stack(0x000000226b700000,0x000000226b800000)]
  0x0000014f51d07800 JavaThread "Cache worker for execution history cache (C:\xampp\htdocs\ComunitiesApp\node_modules\react-native-gradle-plugin\.gradle\7.5.1\executionHistory)" [_thread_blocked, id=15040, stack(0x000000226b800000,0x000000226b900000)]
  0x0000014f51d0e000 JavaThread "Unconstrained build operations Thread 34" [_thread_blocked, id=14800, stack(0x000000226b900000,0x000000226ba00000)]
  0x0000014f51d0d000 JavaThread "Unconstrained build operations Thread 35" [_thread_blocked, id=16192, stack(0x000000226ba00000,0x000000226bb00000)]
  0x0000014f51d08000 JavaThread "Unconstrained build operations Thread 36" [_thread_blocked, id=7544, stack(0x000000226bb00000,0x000000226bc00000)]
  0x0000014f54ac5800 JavaThread "Unconstrained build operations Thread 37" [_thread_blocked, id=14052, stack(0x000000226bc00000,0x000000226bd00000)]
  0x0000014f54ac4000 JavaThread "Unconstrained build operations Thread 38" [_thread_blocked, id=10108, stack(0x000000226bd00000,0x000000226be00000)]
  0x0000014f54ac1800 JavaThread "Unconstrained build operations Thread 39" [_thread_blocked, id=16040, stack(0x000000226be00000,0x000000226bf00000)]
  0x0000014f54ac5000 JavaThread "Unconstrained build operations Thread 40" [_thread_blocked, id=15996, stack(0x000000226bf00000,0x000000226c000000)]
  0x0000014f54ac2800 JavaThread "Unconstrained build operations Thread 41" [_thread_blocked, id=3080, stack(0x000000226c000000,0x000000226c100000)]
  0x0000014f54ac0000 JavaThread "Unconstrained build operations Thread 42" [_thread_blocked, id=14024, stack(0x000000226c100000,0x000000226c200000)]
  0x0000014f54ac6800 JavaThread "Unconstrained build operations Thread 43" [_thread_blocked, id=12108, stack(0x000000226c200000,0x000000226c300000)]
  0x0000014f54ac0800 JavaThread "Unconstrained build operations Thread 44" [_thread_blocked, id=13548, stack(0x000000226c300000,0x000000226c400000)]
  0x0000014f54ac3000 JavaThread "Unconstrained build operations Thread 45" [_thread_blocked, id=7284, stack(0x000000226c400000,0x000000226c500000)]
  0x0000014f51ee2000 JavaThread "Unconstrained build operations Thread 46" [_thread_blocked, id=14748, stack(0x000000226c500000,0x000000226c600000)]
  0x0000014f51edd800 JavaThread "Unconstrained build operations Thread 47" [_thread_blocked, id=9512, stack(0x000000226c600000,0x000000226c700000)]
  0x0000014f51ee0800 JavaThread "Unconstrained build operations Thread 48" [_thread_blocked, id=8712, stack(0x000000226c700000,0x000000226c800000)]
  0x0000014f51ee3000 JavaThread "Unconstrained build operations Thread 49" [_thread_blocked, id=14592, stack(0x000000226c800000,0x000000226c900000)]
  0x0000014f51ee1800 JavaThread "Unconstrained build operations Thread 50" [_thread_blocked, id=5596, stack(0x000000226c900000,0x000000226ca00000)]
  0x0000014f51ee4000 JavaThread "Unconstrained build operations Thread 51" [_thread_blocked, id=2864, stack(0x000000226ca00000,0x000000226cb00000)]
  0x0000014f51ede000 JavaThread "Unconstrained build operations Thread 52" [_thread_blocked, id=15608, stack(0x000000226cb00000,0x000000226cc00000)]
  0x0000014f51edf000 JavaThread "Unconstrained build operations Thread 53" [_thread_blocked, id=5768, stack(0x000000226cc00000,0x000000226cd00000)]
  0x0000014f51ee0000 JavaThread "Unconstrained build operations Thread 54" [_thread_blocked, id=13464, stack(0x000000226cd00000,0x000000226ce00000)]
  0x0000014f51ee5800 JavaThread "Unconstrained build operations Thread 55" [_thread_blocked, id=15952, stack(0x000000226ce00000,0x000000226cf00000)]
  0x0000014f51eea800 JavaThread "Unconstrained build operations Thread 56" [_thread_blocked, id=16360, stack(0x000000226cf00000,0x000000226d000000)]
  0x0000014f51ee6800 JavaThread "Unconstrained build operations Thread 57" [_thread_blocked, id=12256, stack(0x000000226d000000,0x000000226d100000)]
  0x0000014f51ee9800 JavaThread "Unconstrained build operations Thread 58" [_thread_blocked, id=10680, stack(0x000000226d100000,0x000000226d200000)]
  0x0000014f51ee8800 JavaThread "Unconstrained build operations Thread 59" [_thread_blocked, id=7720, stack(0x000000226d200000,0x000000226d300000)]
  0x0000014f51ee7000 JavaThread "Unconstrained build operations Thread 60" [_thread_blocked, id=5132, stack(0x000000226d300000,0x000000226d400000)]
  0x0000014f51ee4800 JavaThread "Unconstrained build operations Thread 61" [_thread_blocked, id=15328, stack(0x000000226d400000,0x000000226d500000)]
  0x0000014f51eeb000 JavaThread "Unconstrained build operations Thread 62" [_thread_blocked, id=14196, stack(0x000000226d500000,0x000000226d600000)]
  0x0000014f51eec000 JavaThread "Unconstrained build operations Thread 63" [_thread_blocked, id=7520, stack(0x000000226d600000,0x000000226d700000)]
  0x0000014f51ee8000 JavaThread "Unconstrained build operations Thread 64" [_thread_blocked, id=14480, stack(0x000000226d700000,0x000000226d800000)]
  0x0000014f51e83000 JavaThread "Unconstrained build operations Thread 65" [_thread_blocked, id=15548, stack(0x000000226d800000,0x000000226d900000)]
  0x0000014f51e7d800 JavaThread "Unconstrained build operations Thread 66" [_thread_blocked, id=13688, stack(0x000000226d900000,0x000000226da00000)]
  0x0000014f51e7f000 JavaThread "Unconstrained build operations Thread 67" [_thread_blocked, id=8412, stack(0x000000226da00000,0x000000226db00000)]
  0x0000014f51e84000 JavaThread "Unconstrained build operations Thread 68" [_thread_blocked, id=10632, stack(0x000000226db00000,0x000000226dc00000)]
  0x0000014f51e80800 JavaThread "Unconstrained build operations Thread 69" [_thread_blocked, id=8060, stack(0x000000226dc00000,0x000000226dd00000)]
  0x0000014f51e80000 JavaThread "Unconstrained build operations Thread 70" [_thread_blocked, id=15484, stack(0x000000226dd00000,0x000000226de00000)]
  0x0000014f51e81800 JavaThread "Unconstrained build operations Thread 71" [_thread_blocked, id=5932, stack(0x000000226de00000,0x000000226df00000)]
  0x0000014f51e7e000 JavaThread "Unconstrained build operations Thread 72" [_thread_blocked, id=1060, stack(0x000000226df00000,0x000000226e000000)]
  0x0000014f51e82000 JavaThread "Unconstrained build operations Thread 73" [_thread_blocked, id=15192, stack(0x000000226e000000,0x000000226e100000)]
  0x0000014f51e89800 JavaThread "Unconstrained build operations Thread 74" [_thread_blocked, id=13924, stack(0x000000226e100000,0x000000226e200000)]
  0x0000014f51e88000 JavaThread "Unconstrained build operations Thread 75" [_thread_blocked, id=15256, stack(0x000000226e200000,0x000000226e300000)]
  0x0000014f51e8a800 JavaThread "Unconstrained build operations Thread 76" [_thread_blocked, id=14068, stack(0x000000226e300000,0x000000226e400000)]
  0x0000014f51e86800 JavaThread "Unconstrained build operations Thread 77" [_thread_blocked, id=14488, stack(0x000000226e400000,0x000000226e500000)]
  0x0000014f51e89000 JavaThread "Unconstrained build operations Thread 78" [_thread_blocked, id=4280, stack(0x000000226e500000,0x000000226e600000)]
  0x0000014f51e84800 JavaThread "Unconstrained build operations Thread 79" [_thread_blocked, id=5820, stack(0x000000226e600000,0x000000226e700000)]
  0x0000014f51e85800 JavaThread "Unconstrained build operations Thread 80" [_thread_blocked, id=7504, stack(0x000000226e700000,0x000000226e800000)]
  0x0000014f51e87000 JavaThread "Cache worker for execution history cache (C:\xampp\htdocs\ComunitiesApp\android\.gradle\7.5.1\executionHistory)" [_thread_blocked, id=10304, stack(0x000000226ea00000,0x000000226eb00000)]

Other Threads:
  0x0000014f4dd41000 VMThread "VM Thread" [stack: 0x0000002265600000,0x0000002265700000] [id=8892]
  0x0000014f4e86d800 WatcherThread [stack: 0x0000002266000000,0x0000002266100000] [id=12060]
  0x0000014f2ec99000 GCTaskThread "GC Thread#0" [stack: 0x0000002265100000,0x0000002265200000] [id=10048]
  0x0000014f4f73f800 GCTaskThread "GC Thread#1" [stack: 0x0000002266200000,0x0000002266300000] [id=4256]
  0x0000014f50a6e800 GCTaskThread "GC Thread#2" [stack: 0x0000002266c00000,0x0000002266d00000] [id=7752]
  0x0000014f4fd5e000 GCTaskThread "GC Thread#3" [stack: 0x0000002266d00000,0x0000002266e00000] [id=1608]
  0x0000014f5022d000 GCTaskThread "GC Thread#4" [stack: 0x0000002266e00000,0x0000002266f00000] [id=9532]
  0x0000014f50a04800 GCTaskThread "GC Thread#5" [stack: 0x0000002266f00000,0x0000002267000000] [id=14000]
  0x0000014f4ed89800 GCTaskThread "GC Thread#6" [stack: 0x0000002267000000,0x0000002267100000] [id=9956]
  0x0000014f4f99e000 GCTaskThread "GC Thread#7" [stack: 0x0000002267100000,0x0000002267200000] [id=7072]
  0x0000014f2eccc000 ConcurrentGCThread "G1 Main Marker" [stack: 0x0000002265200000,0x0000002265300000] [id=13092]
  0x0000014f2eccd000 ConcurrentGCThread "G1 Conc#0" [stack: 0x0000002265300000,0x0000002265400000] [id=14384]
  0x0000014f4e7ae000 ConcurrentGCThread "G1 Conc#1" [stack: 0x0000002267600000,0x0000002267700000] [id=11904]
  0x0000014f2ed5d800 ConcurrentGCThread "G1 Refine#0" [stack: 0x0000002265400000,0x0000002265500000] [id=10624]
  0x0000014f5001c000 ConcurrentGCThread "G1 Refine#1" [stack: 0x0000002267200000,0x0000002267300000] [id=8940]
  0x0000014f4dbb0800 ConcurrentGCThread "G1 Young RemSet Sampling" [stack: 0x0000002265500000,0x0000002265600000] [id=5680]

Threads with active compile tasks:
C2 CompilerThread0    62899 15196       4       org.codehaus.groovy.runtime.dgm$27::doMethodInvoke (17 bytes)

VM state:not at safepoint (normal execution)

VM Mutex/Monitor currently owned by a thread: None

Heap address: 0x0000000080000000, size: 2048 MB, Compressed Oops mode: 32-bit
Narrow klass base: 0x0000000000000000, Narrow klass shift: 3
Compressed class space size: 528482304 Address: 0x0000000100000000

Heap:
 garbage-first heap   total 288768K, used 185563K [0x0000000080000000, 0x0000000100000000)
  region size 1024K, 11 young (11264K), 8 survivors (8192K)
 Metaspace       used 116358K, capacity 120513K, committed 120532K, reserved 620544K
  class space    used 15253K, capacity 16892K, committed 16896K, reserved 516096K
Heap Regions: E=young(eden), S=young(survivor), O=old, HS=humongous(starts), HC=humongous(continues), CS=collection set, F=free, A=archive, TAMS=top-at-mark-start (previous, next)
|   0|0x0000000080000000, 0x0000000080100000, 0x0000000080100000|100%| O|  |TAMS 0x0000000080100000, 0x0000000080000000| Untracked 
|   1|0x0000000080100000, 0x0000000080200000, 0x0000000080200000|100%| O|  |TAMS 0x0000000080200000, 0x0000000080100000| Untracked 
|   2|0x0000000080200000, 0x0000000080300000, 0x0000000080300000|100%| O|  |TAMS 0x0000000080300000, 0x0000000080200000| Untracked 
|   3|0x0000000080300000, 0x0000000080400000, 0x0000000080400000|100%|HS|  |TAMS 0x0000000080400000, 0x0000000080300000| Complete 
|   4|0x0000000080400000, 0x0000000080500000, 0x0000000080500000|100%|HC|  |TAMS 0x0000000080500000, 0x0000000080400000| Complete 
|   5|0x0000000080500000, 0x0000000080600000, 0x0000000080600000|100%|HC|  |TAMS 0x0000000080600000, 0x0000000080500000| Complete 
|   6|0x0000000080600000, 0x0000000080700000, 0x0000000080700000|100%| O|  |TAMS 0x0000000080700000, 0x0000000080600000| Untracked 
|   7|0x0000000080700000, 0x0000000080800000, 0x0000000080800000|100%| O|  |TAMS 0x0000000080800000, 0x0000000080700000| Untracked 
|   8|0x0000000080800000, 0x0000000080900000, 0x0000000080900000|100%| O|  |TAMS 0x0000000080900000, 0x0000000080800000| Untracked 
|   9|0x0000000080900000, 0x0000000080a00000, 0x0000000080a00000|100%| O|  |TAMS 0x0000000080a00000, 0x0000000080900000| Untracked 
|  10|0x0000000080a00000, 0x0000000080b00000, 0x0000000080b00000|100%| O|  |TAMS 0x0000000080b00000, 0x0000000080a00000| Untracked 
|  11|0x0000000080b00000, 0x0000000080c00000, 0x0000000080c00000|100%| O|  |TAMS 0x0000000080c00000, 0x0000000080b00000| Untracked 
|  12|0x0000000080c00000, 0x0000000080d00000, 0x0000000080d00000|100%| O|  |TAMS 0x0000000080d00000, 0x0000000080c00000| Untracked 
|  13|0x0000000080d00000, 0x0000000080e00000, 0x0000000080e00000|100%| O|  |TAMS 0x0000000080e00000, 0x0000000080d00000| Untracked 
|  14|0x0000000080e00000, 0x0000000080f00000, 0x0000000080f00000|100%| O|  |TAMS 0x0000000080f00000, 0x0000000080e00000| Untracked 
|  15|0x0000000080f00000, 0x0000000081000000, 0x0000000081000000|100%| O|  |TAMS 0x0000000081000000, 0x0000000080f00000| Untracked 
|  16|0x0000000081000000, 0x0000000081100000, 0x0000000081100000|100%|HS|  |TAMS 0x0000000081100000, 0x0000000081000000| Complete 
|  17|0x0000000081100000, 0x0000000081200000, 0x0000000081200000|100%| O|  |TAMS 0x0000000081200000, 0x0000000081100000| Untracked 
|  18|0x0000000081200000, 0x0000000081300000, 0x0000000081300000|100%| O|  |TAMS 0x0000000081300000, 0x0000000081200000| Untracked 
|  19|0x0000000081300000, 0x0000000081400000, 0x0000000081400000|100%| O|  |TAMS 0x0000000081400000, 0x0000000081300000| Untracked 
|  20|0x0000000081400000, 0x0000000081500000, 0x0000000081500000|100%| O|  |TAMS 0x0000000081500000, 0x0000000081400000| Untracked 
|  21|0x0000000081500000, 0x0000000081600000, 0x0000000081600000|100%| O|  |TAMS 0x0000000081600000, 0x0000000081500000| Untracked 
|  22|0x0000000081600000, 0x0000000081700000, 0x0000000081700000|100%| O|  |TAMS 0x0000000081700000, 0x0000000081600000| Untracked 
|  23|0x0000000081700000, 0x0000000081800000, 0x0000000081800000|100%| O|  |TAMS 0x0000000081800000, 0x0000000081700000| Untracked 
|  24|0x0000000081800000, 0x0000000081900000, 0x0000000081900000|100%| O|  |TAMS 0x0000000081900000, 0x0000000081800000| Untracked 
|  25|0x0000000081900000, 0x0000000081a00000, 0x0000000081a00000|100%| O|  |TAMS 0x0000000081a00000, 0x0000000081900000| Untracked 
|  26|0x0000000081a00000, 0x0000000081b00000, 0x0000000081b00000|100%| O|  |TAMS 0x0000000081b00000, 0x0000000081a00000| Untracked 
|  27|0x0000000081b00000, 0x0000000081c00000, 0x0000000081c00000|100%| O|  |TAMS 0x0000000081c00000, 0x0000000081b00000| Untracked 
|  28|0x0000000081c00000, 0x0000000081d00000, 0x0000000081d00000|100%|HS|  |TAMS 0x0000000081d00000, 0x0000000081c00000| Complete 
|  29|0x0000000081d00000, 0x0000000081e00000, 0x0000000081e00000|100%|HC|  |TAMS 0x0000000081e00000, 0x0000000081d00000| Complete 
|  30|0x0000000081e00000, 0x0000000081f00000, 0x0000000081f00000|100%|HC|  |TAMS 0x0000000081f00000, 0x0000000081e00000| Complete 
|  31|0x0000000081f00000, 0x0000000082000000, 0x0000000082000000|100%| O|  |TAMS 0x0000000082000000, 0x0000000081f00000| Untracked 
|  32|0x0000000082000000, 0x0000000082100000, 0x0000000082100000|100%| O|  |TAMS 0x0000000082100000, 0x0000000082000000| Untracked 
|  33|0x0000000082100000, 0x0000000082200000, 0x0000000082200000|100%| O|  |TAMS 0x0000000082200000, 0x0000000082100000| Untracked 
|  34|0x0000000082200000, 0x0000000082300000, 0x0000000082300000|100%| O|  |TAMS 0x0000000082300000, 0x0000000082200000| Untracked 
|  35|0x0000000082300000, 0x0000000082400000, 0x0000000082400000|100%| O|  |TAMS 0x0000000082400000, 0x0000000082300000| Untracked 
|  36|0x0000000082400000, 0x0000000082500000, 0x0000000082500000|100%| O|  |TAMS 0x0000000082500000, 0x0000000082400000| Untracked 
|  37|0x0000000082500000, 0x0000000082600000, 0x0000000082600000|100%| O|  |TAMS 0x0000000082600000, 0x0000000082500000| Untracked 
|  38|0x0000000082600000, 0x0000000082700000, 0x0000000082700000|100%| O|  |TAMS 0x0000000082700000, 0x0000000082600000| Untracked 
|  39|0x0000000082700000, 0x0000000082800000, 0x0000000082800000|100%| O|  |TAMS 0x0000000082800000, 0x0000000082700000| Untracked 
|  40|0x0000000082800000, 0x0000000082900000, 0x0000000082900000|100%| O|  |TAMS 0x0000000082900000, 0x0000000082800000| Untracked 
|  41|0x0000000082900000, 0x0000000082a00000, 0x0000000082a00000|100%| O|  |TAMS 0x0000000082a00000, 0x0000000082900000| Untracked 
|  42|0x0000000082a00000, 0x0000000082b00000, 0x0000000082b00000|100%|HS|  |TAMS 0x0000000082b00000, 0x0000000082a00000| Complete 
|  43|0x0000000082b00000, 0x0000000082c00000, 0x0000000082c00000|100%|HS|  |TAMS 0x0000000082c00000, 0x0000000082b00000| Complete 
|  44|0x0000000082c00000, 0x0000000082d00000, 0x0000000082d00000|100%| O|  |TAMS 0x0000000082d00000, 0x0000000082c00000| Untracked 
|  45|0x0000000082d00000, 0x0000000082e00000, 0x0000000082e00000|100%| O|  |TAMS 0x0000000082e00000, 0x0000000082d00000| Untracked 
|  46|0x0000000082e00000, 0x0000000082f00000, 0x0000000082f00000|100%| O|  |TAMS 0x0000000082f00000, 0x0000000082e00000| Untracked 
|  47|0x0000000082f00000, 0x0000000083000000, 0x0000000083000000|100%| O|  |TAMS 0x0000000083000000, 0x0000000082f00000| Untracked 
|  48|0x0000000083000000, 0x0000000083100000, 0x0000000083100000|100%| O|  |TAMS 0x0000000083100000, 0x0000000083000000| Untracked 
|  49|0x0000000083100000, 0x0000000083200000, 0x0000000083200000|100%| O|  |TAMS 0x0000000083200000, 0x0000000083100000| Untracked 
|  50|0x0000000083200000, 0x0000000083300000, 0x0000000083300000|100%|HS|  |TAMS 0x0000000083300000, 0x0000000083200000| Complete 
|  51|0x0000000083300000, 0x0000000083400000, 0x0000000083400000|100%|HC|  |TAMS 0x0000000083400000, 0x0000000083300000| Complete 
|  52|0x0000000083400000, 0x0000000083500000, 0x0000000083500000|100%| O|  |TAMS 0x0000000083500000, 0x0000000083400000| Untracked 
|  53|0x0000000083500000, 0x0000000083600000, 0x0000000083600000|100%| O|  |TAMS 0x0000000083600000, 0x0000000083500000| Untracked 
|  54|0x0000000083600000, 0x0000000083700000, 0x0000000083700000|100%| O|  |TAMS 0x0000000083700000, 0x0000000083600000| Untracked 
|  55|0x0000000083700000, 0x0000000083800000, 0x0000000083800000|100%| O|  |TAMS 0x0000000083800000, 0x0000000083700000| Untracked 
|  56|0x0000000083800000, 0x0000000083900000, 0x0000000083900000|100%| O|  |TAMS 0x0000000083900000, 0x0000000083800000| Untracked 
|  57|0x0000000083900000, 0x0000000083a00000, 0x0000000083a00000|100%| O|  |TAMS 0x0000000083a00000, 0x0000000083900000| Untracked 
|  58|0x0000000083a00000, 0x0000000083b00000, 0x0000000083b00000|100%| O|  |TAMS 0x0000000083b00000, 0x0000000083a00000| Untracked 
|  59|0x0000000083b00000, 0x0000000083c00000, 0x0000000083c00000|100%| O|  |TAMS 0x0000000083c00000, 0x0000000083b00000| Untracked 
|  60|0x0000000083c00000, 0x0000000083d00000, 0x0000000083d00000|100%| O|  |TAMS 0x0000000083d00000, 0x0000000083c00000| Untracked 
|  61|0x0000000083d00000, 0x0000000083e00000, 0x0000000083e00000|100%| O|  |TAMS 0x0000000083e00000, 0x0000000083d00000| Untracked 
|  62|0x0000000083e00000, 0x0000000083f00000, 0x0000000083f00000|100%| O|  |TAMS 0x0000000083f00000, 0x0000000083e00000| Untracked 
|  63|0x0000000083f00000, 0x0000000084000000, 0x0000000084000000|100%| O|  |TAMS 0x0000000084000000, 0x0000000083f00000| Untracked 
|  64|0x0000000084000000, 0x0000000084100000, 0x0000000084100000|100%| O|  |TAMS 0x0000000084100000, 0x0000000084000000| Untracked 
|  65|0x0000000084100000, 0x0000000084200000, 0x0000000084200000|100%| O|  |TAMS 0x0000000084200000, 0x0000000084100000| Untracked 
|  66|0x0000000084200000, 0x0000000084300000, 0x0000000084300000|100%| O|  |TAMS 0x0000000084300000, 0x0000000084200000| Untracked 
|  67|0x0000000084300000, 0x0000000084400000, 0x0000000084400000|100%| O|  |TAMS 0x0000000084400000, 0x0000000084300000| Untracked 
|  68|0x0000000084400000, 0x0000000084500000, 0x0000000084500000|100%| O|  |TAMS 0x0000000084500000, 0x0000000084400000| Untracked 
|  69|0x0000000084500000, 0x0000000084600000, 0x0000000084600000|100%| O|  |TAMS 0x0000000084600000, 0x0000000084500000| Untracked 
|  70|0x0000000084600000, 0x0000000084700000, 0x0000000084700000|100%| O|  |TAMS 0x0000000084700000, 0x0000000084600000| Untracked 
|  71|0x0000000084700000, 0x0000000084800000, 0x0000000084800000|100%| O|  |TAMS 0x0000000084800000, 0x0000000084700000| Untracked 
|  72|0x0000000084800000, 0x0000000084900000, 0x0000000084900000|100%| O|  |TAMS 0x0000000084900000, 0x0000000084800000| Untracked 
|  73|0x0000000084900000, 0x0000000084a00000, 0x0000000084a00000|100%| O|  |TAMS 0x0000000084a00000, 0x0000000084900000| Untracked 
|  74|0x0000000084a00000, 0x0000000084b00000, 0x0000000084b00000|100%| O|  |TAMS 0x0000000084b00000, 0x0000000084a00000| Untracked 
|  75|0x0000000084b00000, 0x0000000084c00000, 0x0000000084c00000|100%| O|  |TAMS 0x0000000084c00000, 0x0000000084b00000| Untracked 
|  76|0x0000000084c00000, 0x0000000084d00000, 0x0000000084d00000|100%| O|  |TAMS 0x0000000084d00000, 0x0000000084c00000| Untracked 
|  77|0x0000000084d00000, 0x0000000084e00000, 0x0000000084e00000|100%| O|  |TAMS 0x0000000084e00000, 0x0000000084d00000| Untracked 
|  78|0x0000000084e00000, 0x0000000084f00000, 0x0000000084f00000|100%| O|  |TAMS 0x0000000084f00000, 0x0000000084e00000| Untracked 
|  79|0x0000000084f00000, 0x0000000085000000, 0x0000000085000000|100%| O|  |TAMS 0x0000000085000000, 0x0000000084f00000| Untracked 
|  80|0x0000000085000000, 0x0000000085100000, 0x0000000085100000|100%| O|  |TAMS 0x0000000085100000, 0x0000000085000000| Untracked 
|  81|0x0000000085100000, 0x0000000085200000, 0x0000000085200000|100%| O|  |TAMS 0x0000000085200000, 0x0000000085100000| Untracked 
|  82|0x0000000085200000, 0x0000000085300000, 0x0000000085300000|100%|HS|  |TAMS 0x0000000085300000, 0x0000000085200000| Complete 
|  83|0x0000000085300000, 0x0000000085400000, 0x0000000085400000|100%|HS|  |TAMS 0x0000000085400000, 0x0000000085300000| Complete 
|  84|0x0000000085400000, 0x0000000085500000, 0x0000000085500000|100%|HS|  |TAMS 0x0000000085500000, 0x0000000085400000| Complete 
|  85|0x0000000085500000, 0x0000000085600000, 0x0000000085600000|100%|HS|  |TAMS 0x0000000085600000, 0x0000000085500000| Complete 
|  86|0x0000000085600000, 0x0000000085700000, 0x0000000085700000|100%|HC|  |TAMS 0x0000000085700000, 0x0000000085600000| Complete 
|  87|0x0000000085700000, 0x0000000085800000, 0x0000000085800000|100%|HC|  |TAMS 0x0000000085800000, 0x0000000085700000| Complete 
|  88|0x0000000085800000, 0x0000000085900000, 0x0000000085900000|100%| O|  |TAMS 0x0000000085900000, 0x0000000085800000| Untracked 
|  89|0x0000000085900000, 0x0000000085a00000, 0x0000000085a00000|100%| O|  |TAMS 0x0000000085a00000, 0x0000000085900000| Untracked 
|  90|0x0000000085a00000, 0x0000000085b00000, 0x0000000085b00000|100%| O|  |TAMS 0x0000000085b00000, 0x0000000085a00000| Untracked 
|  91|0x0000000085b00000, 0x0000000085c00000, 0x0000000085c00000|100%| O|  |TAMS 0x0000000085c00000, 0x0000000085b00000| Untracked 
|  92|0x0000000085c00000, 0x0000000085d00000, 0x0000000085d00000|100%| O|  |TAMS 0x0000000085d00000, 0x0000000085c00000| Untracked 
|  93|0x0000000085d00000, 0x0000000085e00000, 0x0000000085e00000|100%| O|  |TAMS 0x0000000085e00000, 0x0000000085d00000| Untracked 
|  94|0x0000000085e00000, 0x0000000085f00000, 0x0000000085f00000|100%| O|  |TAMS 0x0000000085f00000, 0x0000000085e00000| Untracked 
|  95|0x0000000085f00000, 0x0000000086000000, 0x0000000086000000|100%| O|  |TAMS 0x0000000086000000, 0x0000000085f00000| Untracked 
|  96|0x0000000086000000, 0x0000000086100000, 0x0000000086100000|100%| O|  |TAMS 0x0000000086100000, 0x0000000086000000| Untracked 
|  97|0x0000000086100000, 0x0000000086200000, 0x0000000086200000|100%| O|  |TAMS 0x0000000086200000, 0x0000000086100000| Untracked 
|  98|0x0000000086200000, 0x0000000086300000, 0x0000000086300000|100%| O|  |TAMS 0x0000000086300000, 0x0000000086200000| Untracked 
|  99|0x0000000086300000, 0x0000000086400000, 0x0000000086400000|100%| O|  |TAMS 0x0000000086400000, 0x0000000086300000| Untracked 
| 100|0x0000000086400000, 0x0000000086500000, 0x0000000086500000|100%| O|  |TAMS 0x0000000086500000, 0x0000000086400000| Untracked 
| 101|0x0000000086500000, 0x0000000086600000, 0x0000000086600000|100%| O|  |TAMS 0x0000000086600000, 0x0000000086500000| Untracked 
| 102|0x0000000086600000, 0x0000000086700000, 0x0000000086700000|100%| O|  |TAMS 0x0000000086700000, 0x0000000086600000| Untracked 
| 103|0x0000000086700000, 0x0000000086800000, 0x0000000086800000|100%| O|  |TAMS 0x0000000086800000, 0x0000000086700000| Untracked 
| 104|0x0000000086800000, 0x0000000086900000, 0x0000000086900000|100%| O|  |TAMS 0x0000000086900000, 0x0000000086800000| Untracked 
| 105|0x0000000086900000, 0x0000000086a00000, 0x0000000086a00000|100%| O|  |TAMS 0x0000000086a00000, 0x0000000086900000| Untracked 
| 106|0x0000000086a00000, 0x0000000086b00000, 0x0000000086b00000|100%| O|  |TAMS 0x0000000086b00000, 0x0000000086a00000| Untracked 
| 107|0x0000000086b00000, 0x0000000086c00000, 0x0000000086c00000|100%| O|  |TAMS 0x0000000086c00000, 0x0000000086b00000| Untracked 
| 108|0x0000000086c00000, 0x0000000086d00000, 0x0000000086d00000|100%| O|  |TAMS 0x0000000086d00000, 0x0000000086c00000| Untracked 
| 109|0x0000000086d00000, 0x0000000086e00000, 0x0000000086e00000|100%| O|  |TAMS 0x0000000086e00000, 0x0000000086d00000| Untracked 
| 110|0x0000000086e00000, 0x0000000086f00000, 0x0000000086f00000|100%| O|  |TAMS 0x0000000086f00000, 0x0000000086e00000| Untracked 
| 111|0x0000000086f00000, 0x0000000087000000, 0x0000000087000000|100%| O|  |TAMS 0x0000000087000000, 0x0000000086f00000| Untracked 
| 112|0x0000000087000000, 0x0000000087100000, 0x0000000087100000|100%| O|  |TAMS 0x0000000087100000, 0x0000000087000000| Untracked 
| 113|0x0000000087100000, 0x0000000087200000, 0x0000000087200000|100%| O|  |TAMS 0x0000000087200000, 0x0000000087100000| Untracked 
| 114|0x0000000087200000, 0x0000000087300000, 0x0000000087300000|100%| O|  |TAMS 0x0000000087300000, 0x0000000087200000| Untracked 
| 115|0x0000000087300000, 0x0000000087400000, 0x0000000087400000|100%| O|  |TAMS 0x0000000087400000, 0x0000000087300000| Untracked 
| 116|0x0000000087400000, 0x0000000087500000, 0x0000000087500000|100%| O|  |TAMS 0x0000000087500000, 0x0000000087400000| Untracked 
| 117|0x0000000087500000, 0x0000000087600000, 0x0000000087600000|100%| O|  |TAMS 0x0000000087600000, 0x0000000087500000| Untracked 
| 118|0x0000000087600000, 0x0000000087700000, 0x0000000087700000|100%| O|  |TAMS 0x0000000087700000, 0x0000000087600000| Untracked 
| 119|0x0000000087700000, 0x0000000087800000, 0x0000000087800000|100%| O|  |TAMS 0x0000000087800000, 0x0000000087700000| Untracked 
| 120|0x0000000087800000, 0x0000000087900000, 0x0000000087900000|100%| O|  |TAMS 0x0000000087900000, 0x0000000087800000| Untracked 
| 121|0x0000000087900000, 0x0000000087a00000, 0x0000000087a00000|100%| O|  |TAMS 0x0000000087a00000, 0x0000000087900000| Untracked 
| 122|0x0000000087a00000, 0x0000000087b00000, 0x0000000087b00000|100%| O|  |TAMS 0x0000000087b00000, 0x0000000087a00000| Untracked 
| 123|0x0000000087b00000, 0x0000000087c00000, 0x0000000087c00000|100%| O|  |TAMS 0x0000000087c00000, 0x0000000087b00000| Untracked 
| 124|0x0000000087c00000, 0x0000000087d00000, 0x0000000087d00000|100%|HS|  |TAMS 0x0000000087d00000, 0x0000000087c00000| Complete 
| 125|0x0000000087d00000, 0x0000000087e00000, 0x0000000087e00000|100%|HS|  |TAMS 0x0000000087e00000, 0x0000000087d00000| Complete 
| 126|0x0000000087e00000, 0x0000000087f00000, 0x0000000087f00000|100%|HC|  |TAMS 0x0000000087f00000, 0x0000000087e00000| Complete 
| 127|0x0000000087f00000, 0x0000000088000000, 0x0000000088000000|100%|HC|  |TAMS 0x0000000088000000, 0x0000000087f00000| Complete 
| 128|0x0000000088000000, 0x0000000088100000, 0x0000000088100000|100%| O|  |TAMS 0x0000000088100000, 0x0000000088000000| Untracked 
| 129|0x0000000088100000, 0x0000000088200000, 0x0000000088200000|100%| O|  |TAMS 0x0000000088200000, 0x0000000088100000| Untracked 
| 130|0x0000000088200000, 0x0000000088300000, 0x0000000088300000|100%| O|  |TAMS 0x0000000088300000, 0x0000000088200000| Untracked 
| 131|0x0000000088300000, 0x0000000088400000, 0x0000000088400000|100%| O|  |TAMS 0x0000000088400000, 0x0000000088300000| Untracked 
| 132|0x0000000088400000, 0x0000000088500000, 0x0000000088500000|100%| O|  |TAMS 0x0000000088500000, 0x0000000088400000| Untracked 
| 133|0x0000000088500000, 0x0000000088600000, 0x0000000088600000|100%| O|  |TAMS 0x0000000088600000, 0x0000000088500000| Untracked 
| 134|0x0000000088600000, 0x0000000088700000, 0x0000000088700000|100%| O|  |TAMS 0x0000000088700000, 0x0000000088600000| Untracked 
| 135|0x0000000088700000, 0x0000000088800000, 0x0000000088800000|100%| O|  |TAMS 0x0000000088800000, 0x0000000088700000| Untracked 
| 136|0x0000000088800000, 0x0000000088900000, 0x0000000088900000|100%| O|  |TAMS 0x0000000088900000, 0x0000000088800000| Untracked 
| 137|0x0000000088900000, 0x0000000088a00000, 0x0000000088a00000|100%| O|  |TAMS 0x0000000088a00000, 0x0000000088900000| Untracked 
| 138|0x0000000088a00000, 0x0000000088b00000, 0x0000000088b00000|100%|HS|  |TAMS 0x0000000088b00000, 0x0000000088a00000| Complete 
| 139|0x0000000088b00000, 0x0000000088c00000, 0x0000000088c00000|100%| O|  |TAMS 0x0000000088c00000, 0x0000000088b00000| Untracked 
| 140|0x0000000088c00000, 0x0000000088d00000, 0x0000000088d00000|100%| O|  |TAMS 0x0000000088d00000, 0x0000000088c00000| Untracked 
| 141|0x0000000088d00000, 0x0000000088e00000, 0x0000000088e00000|100%| O|  |TAMS 0x0000000088e00000, 0x0000000088d00000| Untracked 
| 142|0x0000000088e00000, 0x0000000088f00000, 0x0000000088f00000|100%| O|  |TAMS 0x0000000088f00000, 0x0000000088e00000| Untracked 
| 143|0x0000000088f00000, 0x0000000089000000, 0x0000000089000000|100%| O|  |TAMS 0x0000000089000000, 0x0000000088f00000| Untracked 
| 144|0x0000000089000000, 0x0000000089100000, 0x0000000089100000|100%| O|  |TAMS 0x0000000089100000, 0x0000000089000000| Untracked 
| 145|0x0000000089100000, 0x0000000089200000, 0x0000000089200000|100%| O|  |TAMS 0x0000000089200000, 0x0000000089100000| Untracked 
| 146|0x0000000089200000, 0x0000000089300000, 0x0000000089300000|100%| O|  |TAMS 0x0000000089300000, 0x0000000089200000| Untracked 
| 147|0x0000000089300000, 0x0000000089400000, 0x0000000089400000|100%| O|  |TAMS 0x0000000089400000, 0x0000000089300000| Untracked 
| 148|0x0000000089400000, 0x0000000089500000, 0x0000000089500000|100%| O|  |TAMS 0x0000000089500000, 0x0000000089400000| Untracked 
| 149|0x0000000089500000, 0x0000000089600000, 0x0000000089600000|100%| O|  |TAMS 0x0000000089600000, 0x0000000089500000| Untracked 
| 150|0x0000000089600000, 0x0000000089700000, 0x0000000089700000|100%| O|  |TAMS 0x0000000089700000, 0x0000000089600000| Untracked 
| 151|0x0000000089700000, 0x0000000089800000, 0x0000000089800000|100%| O|  |TAMS 0x0000000089800000, 0x0000000089700000| Untracked 
| 152|0x0000000089800000, 0x0000000089900000, 0x0000000089900000|100%| O|  |TAMS 0x0000000089900000, 0x0000000089800000| Untracked 
| 153|0x0000000089900000, 0x0000000089a00000, 0x0000000089a00000|100%| O|  |TAMS 0x0000000089a00000, 0x0000000089900000| Untracked 
| 154|0x0000000089a00000, 0x0000000089b00000, 0x0000000089b00000|100%| O|  |TAMS 0x0000000089b00000, 0x0000000089a00000| Untracked 
| 155|0x0000000089b00000, 0x0000000089c00000, 0x0000000089c00000|100%| O|  |TAMS 0x0000000089c00000, 0x0000000089b00000| Untracked 
| 156|0x0000000089c00000, 0x0000000089d00000, 0x0000000089d00000|100%| O|  |TAMS 0x0000000089d00000, 0x0000000089c00000| Untracked 
| 157|0x0000000089d00000, 0x0000000089e00000, 0x0000000089e00000|100%| O|  |TAMS 0x0000000089e00000, 0x0000000089d00000| Untracked 
| 158|0x0000000089e00000, 0x0000000089f00000, 0x0000000089f00000|100%| O|  |TAMS 0x0000000089f00000, 0x0000000089e00000| Untracked 
| 159|0x0000000089f00000, 0x000000008a000000, 0x000000008a000000|100%| O|  |TAMS 0x000000008a000000, 0x0000000089f00000| Untracked 
| 160|0x000000008a000000, 0x000000008a100000, 0x000000008a100000|100%| O|  |TAMS 0x000000008a100000, 0x000000008a000000| Untracked 
| 161|0x000000008a100000, 0x000000008a200000, 0x000000008a200000|100%| O|  |TAMS 0x000000008a200000, 0x000000008a100000| Untracked 
| 162|0x000000008a200000, 0x000000008a300000, 0x000000008a300000|100%| O|  |TAMS 0x000000008a300000, 0x000000008a200000| Untracked 
| 163|0x000000008a300000, 0x000000008a400000, 0x000000008a400000|100%| O|  |TAMS 0x000000008a400000, 0x000000008a300000| Untracked 
| 164|0x000000008a400000, 0x000000008a500000, 0x000000008a500000|100%| O|  |TAMS 0x000000008a500000, 0x000000008a400000| Untracked 
| 165|0x000000008a500000, 0x000000008a600000, 0x000000008a600000|100%| O|  |TAMS 0x000000008a600000, 0x000000008a500000| Untracked 
| 166|0x000000008a600000, 0x000000008a700000, 0x000000008a700000|100%| O|  |TAMS 0x000000008a700000, 0x000000008a600000| Untracked 
| 167|0x000000008a700000, 0x000000008a800000, 0x000000008a800000|100%| O|  |TAMS 0x000000008a800000, 0x000000008a700000| Untracked 
| 168|0x000000008a800000, 0x000000008a900000, 0x000000008a900000|100%| O|  |TAMS 0x000000008a8c8000, 0x000000008a800000| Untracked 
| 169|0x000000008a900000, 0x000000008aa00000, 0x000000008aa00000|100%| O|  |TAMS 0x000000008a900000, 0x000000008a900000| Untracked 
| 170|0x000000008aa00000, 0x000000008ab00000, 0x000000008ab00000|100%| O|  |TAMS 0x000000008aa00000, 0x000000008aa00000| Untracked 
| 171|0x000000008ab00000, 0x000000008ab36e00, 0x000000008ac00000| 21%| O|  |TAMS 0x000000008ab00000, 0x000000008ab00000| Untracked 
| 172|0x000000008ac00000, 0x000000008ac00000, 0x000000008ad00000|  0%| F|  |TAMS 0x000000008ac00000, 0x000000008ac00000| Untracked 
| 173|0x000000008ad00000, 0x000000008ad00000, 0x000000008ae00000|  0%| F|  |TAMS 0x000000008ad00000, 0x000000008ad00000| Untracked 
| 174|0x000000008ae00000, 0x000000008ae00000, 0x000000008af00000|  0%| F|  |TAMS 0x000000008ae00000, 0x000000008ae00000| Untracked 
| 175|0x000000008af00000, 0x000000008af00000, 0x000000008b000000|  0%| F|  |TAMS 0x000000008af00000, 0x000000008af00000| Untracked 
| 176|0x000000008b000000, 0x000000008b000000, 0x000000008b100000|  0%| F|  |TAMS 0x000000008b000000, 0x000000008b000000| Untracked 
| 177|0x000000008b100000, 0x000000008b100000, 0x000000008b200000|  0%| F|  |TAMS 0x000000008b100000, 0x000000008b100000| Untracked 
| 178|0x000000008b200000, 0x000000008b200000, 0x000000008b300000|  0%| F|  |TAMS 0x000000008b200000, 0x000000008b200000| Untracked 
| 179|0x000000008b300000, 0x000000008b300000, 0x000000008b400000|  0%| F|  |TAMS 0x000000008b300000, 0x000000008b300000| Untracked 
| 180|0x000000008b400000, 0x000000008b400000, 0x000000008b500000|  0%| F|  |TAMS 0x000000008b400000, 0x000000008b400000| Untracked 
| 181|0x000000008b500000, 0x000000008b500000, 0x000000008b600000|  0%| F|  |TAMS 0x000000008b500000, 0x000000008b500000| Untracked 
| 182|0x000000008b600000, 0x000000008b600000, 0x000000008b700000|  0%| F|  |TAMS 0x000000008b600000, 0x000000008b600000| Untracked 
| 183|0x000000008b700000, 0x000000008b700000, 0x000000008b800000|  0%| F|  |TAMS 0x000000008b700000, 0x000000008b700000| Untracked 
| 184|0x000000008b800000, 0x000000008b800000, 0x000000008b900000|  0%| F|  |TAMS 0x000000008b800000, 0x000000008b800000| Untracked 
| 185|0x000000008b900000, 0x000000008b900000, 0x000000008ba00000|  0%| F|  |TAMS 0x000000008b900000, 0x000000008b900000| Untracked 
| 186|0x000000008ba00000, 0x000000008ba00000, 0x000000008bb00000|  0%| F|  |TAMS 0x000000008ba00000, 0x000000008ba00000| Untracked 
| 187|0x000000008bb00000, 0x000000008bb00000, 0x000000008bc00000|  0%| F|  |TAMS 0x000000008bb00000, 0x000000008bb00000| Untracked 
| 188|0x000000008bc00000, 0x000000008bc00000, 0x000000008bd00000|  0%| F|  |TAMS 0x000000008bc00000, 0x000000008bc00000| Untracked 
| 189|0x000000008bd00000, 0x000000008bd00000, 0x000000008be00000|  0%| F|  |TAMS 0x000000008bd00000, 0x000000008bd00000| Untracked 
| 190|0x000000008be00000, 0x000000008be00000, 0x000000008bf00000|  0%| F|  |TAMS 0x000000008be00000, 0x000000008be00000| Untracked 
| 191|0x000000008bf00000, 0x000000008bf00000, 0x000000008c000000|  0%| F|  |TAMS 0x000000008bf00000, 0x000000008bf00000| Untracked 
| 192|0x000000008c000000, 0x000000008c000000, 0x000000008c100000|  0%| F|  |TAMS 0x000000008c000000, 0x000000008c000000| Untracked 
| 193|0x000000008c100000, 0x000000008c100000, 0x000000008c200000|  0%| F|  |TAMS 0x000000008c100000, 0x000000008c100000| Untracked 
| 194|0x000000008c200000, 0x000000008c200000, 0x000000008c300000|  0%| F|  |TAMS 0x000000008c200000, 0x000000008c200000| Untracked 
| 195|0x000000008c300000, 0x000000008c300000, 0x000000008c400000|  0%| F|  |TAMS 0x000000008c300000, 0x000000008c300000| Untracked 
| 196|0x000000008c400000, 0x000000008c400000, 0x000000008c500000|  0%| F|  |TAMS 0x000000008c400000, 0x000000008c400000| Untracked 
| 197|0x000000008c500000, 0x000000008c500000, 0x000000008c600000|  0%| F|  |TAMS 0x000000008c500000, 0x000000008c500000| Untracked 
| 198|0x000000008c600000, 0x000000008c600000, 0x000000008c700000|  0%| F|  |TAMS 0x000000008c600000, 0x000000008c600000| Untracked 
| 199|0x000000008c700000, 0x000000008c700000, 0x000000008c800000|  0%| F|  |TAMS 0x000000008c700000, 0x000000008c700000| Untracked 
| 200|0x000000008c800000, 0x000000008c800000, 0x000000008c900000|  0%| F|  |TAMS 0x000000008c800000, 0x000000008c800000| Untracked 
| 201|0x000000008c900000, 0x000000008c900000, 0x000000008ca00000|  0%| F|  |TAMS 0x000000008c900000, 0x000000008c900000| Untracked 
| 202|0x000000008ca00000, 0x000000008ca00000, 0x000000008cb00000|  0%| F|  |TAMS 0x000000008ca00000, 0x000000008ca00000| Untracked 
| 203|0x000000008cb00000, 0x000000008cb00000, 0x000000008cc00000|  0%| F|  |TAMS 0x000000008cb00000, 0x000000008cb00000| Untracked 
| 204|0x000000008cc00000, 0x000000008cc00000, 0x000000008cd00000|  0%| F|  |TAMS 0x000000008cc00000, 0x000000008cc00000| Untracked 
| 205|0x000000008cd00000, 0x000000008cd00000, 0x000000008ce00000|  0%| F|  |TAMS 0x000000008cd00000, 0x000000008cd00000| Untracked 
| 206|0x000000008ce00000, 0x000000008ce00000, 0x000000008cf00000|  0%| F|  |TAMS 0x000000008ce00000, 0x000000008ce00000| Untracked 
| 207|0x000000008cf00000, 0x000000008cf00000, 0x000000008d000000|  0%| F|  |TAMS 0x000000008cf00000, 0x000000008cf00000| Untracked 
| 208|0x000000008d000000, 0x000000008d000000, 0x000000008d100000|  0%| F|  |TAMS 0x000000008d000000, 0x000000008d000000| Untracked 
| 209|0x000000008d100000, 0x000000008d100000, 0x000000008d200000|  0%| F|  |TAMS 0x000000008d100000, 0x000000008d100000| Untracked 
| 210|0x000000008d200000, 0x000000008d200000, 0x000000008d300000|  0%| F|  |TAMS 0x000000008d200000, 0x000000008d200000| Untracked 
| 211|0x000000008d300000, 0x000000008d300000, 0x000000008d400000|  0%| F|  |TAMS 0x000000008d300000, 0x000000008d300000| Untracked 
| 212|0x000000008d400000, 0x000000008d400000, 0x000000008d500000|  0%| F|  |TAMS 0x000000008d400000, 0x000000008d400000| Untracked 
| 213|0x000000008d500000, 0x000000008d500000, 0x000000008d600000|  0%| F|  |TAMS 0x000000008d500000, 0x000000008d500000| Untracked 
| 214|0x000000008d600000, 0x000000008d700000, 0x000000008d700000|100%| S|CS|TAMS 0x000000008d600000, 0x000000008d600000| Complete 
| 215|0x000000008d700000, 0x000000008d800000, 0x000000008d800000|100%| S|CS|TAMS 0x000000008d700000, 0x000000008d700000| Complete 
| 216|0x000000008d800000, 0x000000008d900000, 0x000000008d900000|100%| S|CS|TAMS 0x000000008d800000, 0x000000008d800000| Complete 
| 217|0x000000008d900000, 0x000000008da00000, 0x000000008da00000|100%| S|CS|TAMS 0x000000008d900000, 0x000000008d900000| Complete 
| 218|0x000000008da00000, 0x000000008db00000, 0x000000008db00000|100%| S|CS|TAMS 0x000000008da00000, 0x000000008da00000| Complete 
| 219|0x000000008db00000, 0x000000008dc00000, 0x000000008dc00000|100%| S|CS|TAMS 0x000000008db00000, 0x000000008db00000| Complete 
| 220|0x000000008dc00000, 0x000000008dd00000, 0x000000008dd00000|100%| S|CS|TAMS 0x000000008dc00000, 0x000000008dc00000| Complete 
| 221|0x000000008dd00000, 0x000000008dd00000, 0x000000008de00000|  0%| F|  |TAMS 0x000000008dd00000, 0x000000008dd00000| Untracked 
| 222|0x000000008de00000, 0x000000008de00000, 0x000000008df00000|  0%| F|  |TAMS 0x000000008de00000, 0x000000008de00000| Untracked 
| 223|0x000000008df00000, 0x000000008df00000, 0x000000008e000000|  0%| F|  |TAMS 0x000000008df00000, 0x000000008df00000| Untracked 
| 224|0x000000008e000000, 0x000000008e000000, 0x000000008e100000|  0%| F|  |TAMS 0x000000008e000000, 0x000000008e000000| Untracked 
| 225|0x000000008e100000, 0x000000008e200000, 0x000000008e200000|100%| S|CS|TAMS 0x000000008e100000, 0x000000008e100000| Complete 
| 226|0x000000008e200000, 0x000000008e200000, 0x000000008e300000|  0%| F|  |TAMS 0x000000008e200000, 0x000000008e200000| Untracked 
| 227|0x000000008e300000, 0x000000008e300000, 0x000000008e400000|  0%| F|  |TAMS 0x000000008e300000, 0x000000008e300000| Untracked 
| 228|0x000000008e400000, 0x000000008e400000, 0x000000008e500000|  0%| F|  |TAMS 0x000000008e400000, 0x000000008e400000| Untracked 
| 229|0x000000008e500000, 0x000000008e500000, 0x000000008e600000|  0%| F|  |TAMS 0x000000008e500000, 0x000000008e500000| Untracked 
| 230|0x000000008e600000, 0x000000008e600000, 0x000000008e700000|  0%| F|  |TAMS 0x000000008e600000, 0x000000008e600000| Untracked 
| 231|0x000000008e700000, 0x000000008e700000, 0x000000008e800000|  0%| F|  |TAMS 0x000000008e700000, 0x000000008e700000| Untracked 
| 232|0x000000008e800000, 0x000000008e800000, 0x000000008e900000|  0%| F|  |TAMS 0x000000008e800000, 0x000000008e800000| Untracked 
| 233|0x000000008e900000, 0x000000008e900000, 0x000000008ea00000|  0%| F|  |TAMS 0x000000008e900000, 0x000000008e900000| Untracked 
| 234|0x000000008ea00000, 0x000000008ea00000, 0x000000008eb00000|  0%| F|  |TAMS 0x000000008ea00000, 0x000000008ea00000| Untracked 
| 235|0x000000008eb00000, 0x000000008eb00000, 0x000000008ec00000|  0%| F|  |TAMS 0x000000008eb00000, 0x000000008eb00000| Untracked 
| 236|0x000000008ec00000, 0x000000008ec00000, 0x000000008ed00000|  0%| F|  |TAMS 0x000000008ec00000, 0x000000008ec00000| Untracked 
| 237|0x000000008ed00000, 0x000000008ed00000, 0x000000008ee00000|  0%| F|  |TAMS 0x000000008ed00000, 0x000000008ed00000| Untracked 
| 238|0x000000008ee00000, 0x000000008ee00000, 0x000000008ef00000|  0%| F|  |TAMS 0x000000008ee00000, 0x000000008ee00000| Untracked 
| 239|0x000000008ef00000, 0x000000008ef00000, 0x000000008f000000|  0%| F|  |TAMS 0x000000008ef00000, 0x000000008ef00000| Untracked 
| 240|0x000000008f000000, 0x000000008f000000, 0x000000008f100000|  0%| F|  |TAMS 0x000000008f000000, 0x000000008f000000| Untracked 
| 241|0x000000008f100000, 0x000000008f100000, 0x000000008f200000|  0%| F|  |TAMS 0x000000008f100000, 0x000000008f100000| Untracked 
| 242|0x000000008f200000, 0x000000008f200000, 0x000000008f300000|  0%| F|  |TAMS 0x000000008f200000, 0x000000008f200000| Untracked 
| 243|0x000000008f300000, 0x000000008f300000, 0x000000008f400000|  0%| F|  |TAMS 0x000000008f300000, 0x000000008f300000| Untracked 
| 244|0x000000008f400000, 0x000000008f400000, 0x000000008f500000|  0%| F|  |TAMS 0x000000008f400000, 0x000000008f400000| Untracked 
| 245|0x000000008f500000, 0x000000008f500000, 0x000000008f600000|  0%| F|  |TAMS 0x000000008f500000, 0x000000008f500000| Untracked 
| 246|0x000000008f600000, 0x000000008f600000, 0x000000008f700000|  0%| F|  |TAMS 0x000000008f600000, 0x000000008f600000| Untracked 
| 247|0x000000008f700000, 0x000000008f700000, 0x000000008f800000|  0%| F|  |TAMS 0x000000008f700000, 0x000000008f700000| Untracked 
| 248|0x000000008f800000, 0x000000008f800000, 0x000000008f900000|  0%| F|  |TAMS 0x000000008f800000, 0x000000008f800000| Untracked 
| 249|0x000000008f900000, 0x000000008f900000, 0x000000008fa00000|  0%| F|  |TAMS 0x000000008f900000, 0x000000008f900000| Untracked 
| 250|0x000000008fa00000, 0x000000008fa00000, 0x000000008fb00000|  0%| F|  |TAMS 0x000000008fa00000, 0x000000008fa00000| Untracked 
| 251|0x000000008fb00000, 0x000000008fb00000, 0x000000008fc00000|  0%| F|  |TAMS 0x000000008fb00000, 0x000000008fb00000| Untracked 
| 252|0x000000008fc00000, 0x000000008fc00000, 0x000000008fd00000|  0%| F|  |TAMS 0x000000008fc00000, 0x000000008fc00000| Untracked 
| 253|0x000000008fd00000, 0x000000008fd00000, 0x000000008fe00000|  0%| F|  |TAMS 0x000000008fd00000, 0x000000008fd00000| Untracked 
| 254|0x000000008fe00000, 0x000000008fe00000, 0x000000008ff00000|  0%| F|  |TAMS 0x000000008fe00000, 0x000000008fe00000| Untracked 
| 255|0x000000008ff00000, 0x000000008ff00000, 0x0000000090000000|  0%| F|  |TAMS 0x000000008ff00000, 0x000000008ff00000| Untracked 
| 256|0x0000000090000000, 0x0000000090000000, 0x0000000090100000|  0%| F|  |TAMS 0x0000000090000000, 0x0000000090000000| Untracked 
| 257|0x0000000090100000, 0x0000000090100000, 0x0000000090200000|  0%| F|  |TAMS 0x0000000090100000, 0x0000000090100000| Untracked 
| 258|0x0000000090200000, 0x0000000090200000, 0x0000000090300000|  0%| F|  |TAMS 0x0000000090200000, 0x0000000090200000| Untracked 
| 259|0x0000000090300000, 0x0000000090300000, 0x0000000090400000|  0%| F|  |TAMS 0x0000000090300000, 0x0000000090300000| Untracked 
| 260|0x0000000090400000, 0x0000000090400000, 0x0000000090500000|  0%| F|  |TAMS 0x0000000090400000, 0x0000000090400000| Untracked 
| 261|0x0000000090500000, 0x0000000090500000, 0x0000000090600000|  0%| F|  |TAMS 0x0000000090500000, 0x0000000090500000| Untracked 
| 262|0x0000000090600000, 0x0000000090600000, 0x0000000090700000|  0%| F|  |TAMS 0x0000000090600000, 0x0000000090600000| Untracked 
| 263|0x0000000090700000, 0x0000000090700000, 0x0000000090800000|  0%| F|  |TAMS 0x0000000090700000, 0x0000000090700000| Untracked 
| 264|0x0000000090800000, 0x0000000090800000, 0x0000000090900000|  0%| F|  |TAMS 0x0000000090800000, 0x0000000090800000| Untracked 
| 265|0x0000000090900000, 0x0000000090900000, 0x0000000090a00000|  0%| F|  |TAMS 0x0000000090900000, 0x0000000090900000| Untracked 
| 266|0x0000000090a00000, 0x0000000090a00000, 0x0000000090b00000|  0%| F|  |TAMS 0x0000000090a00000, 0x0000000090a00000| Untracked 
| 267|0x0000000090b00000, 0x0000000090b00000, 0x0000000090c00000|  0%| F|  |TAMS 0x0000000090b00000, 0x0000000090b00000| Untracked 
| 268|0x0000000090c00000, 0x0000000090c00000, 0x0000000090d00000|  0%| F|  |TAMS 0x0000000090c00000, 0x0000000090c00000| Untracked 
| 269|0x0000000090d00000, 0x0000000090d00000, 0x0000000090e00000|  0%| F|  |TAMS 0x0000000090d00000, 0x0000000090d00000| Untracked 
| 270|0x0000000090e00000, 0x0000000090e00000, 0x0000000090f00000|  0%| F|  |TAMS 0x0000000090e00000, 0x0000000090e00000| Untracked 
| 271|0x0000000090f00000, 0x0000000090f00000, 0x0000000091000000|  0%| F|  |TAMS 0x0000000090f00000, 0x0000000090f00000| Untracked 
| 272|0x0000000091000000, 0x0000000091000000, 0x0000000091100000|  0%| F|  |TAMS 0x0000000091000000, 0x0000000091000000| Untracked 
| 273|0x0000000091100000, 0x0000000091100000, 0x0000000091200000|  0%| F|  |TAMS 0x0000000091100000, 0x0000000091100000| Untracked 
| 274|0x0000000091200000, 0x0000000091200000, 0x0000000091300000|  0%| F|  |TAMS 0x0000000091200000, 0x0000000091200000| Untracked 
| 275|0x0000000091300000, 0x0000000091300000, 0x0000000091400000|  0%| F|  |TAMS 0x0000000091300000, 0x0000000091300000| Untracked 
| 276|0x0000000091400000, 0x0000000091400000, 0x0000000091500000|  0%| F|  |TAMS 0x0000000091400000, 0x0000000091400000| Untracked 
| 277|0x0000000091500000, 0x0000000091500000, 0x0000000091600000|  0%| F|  |TAMS 0x0000000091500000, 0x0000000091500000| Untracked 
| 278|0x0000000091600000, 0x0000000091600000, 0x0000000091700000|  0%| F|  |TAMS 0x0000000091600000, 0x0000000091600000| Untracked 
| 279|0x0000000091700000, 0x000000009174e398, 0x0000000091800000| 30%| E|  |TAMS 0x0000000091700000, 0x0000000091700000| Complete 
| 280|0x0000000091800000, 0x0000000091900000, 0x0000000091900000|100%| E|CS|TAMS 0x0000000091800000, 0x0000000091800000| Complete 
| 281|0x0000000091900000, 0x0000000091a00000, 0x0000000091a00000|100%| E|CS|TAMS 0x0000000091900000, 0x0000000091900000| Complete 

Card table byte_map: [0x0000014f46b30000,0x0000014f46f30000] _byte_map_base: 0x0000014f46730000

Marking Bits (Prev, Next): (CMBitMap*) 0x0000014f2ecc3048, (CMBitMap*) 0x0000014f2ecc3080
 Prev Bits: [0x0000014f47330000, 0x0000014f49330000)
 Next Bits: [0x0000014f49330000, 0x0000014f4b330000)

Polling page: 0x0000014f2cba0000

Metaspace:

Usage:
  Non-class:    101.19 MB capacity,    98.74 MB ( 98%) used,     2.10 MB (  2%) free+waste,   363.44 KB ( <1%) overhead. 
      Class:     16.50 MB capacity,    14.90 MB ( 90%) used,     1.44 MB (  9%) free+waste,   168.00 KB ( <1%) overhead. 
       Both:    117.69 MB capacity,   113.63 MB ( 97%) used,     3.54 MB (  3%) free+waste,   531.44 KB ( <1%) overhead. 

Virtual space:
  Non-class space:      102.00 MB reserved,     101.21 MB (>99%) committed 
      Class space:      504.00 MB reserved,      16.50 MB (  3%) committed 
             Both:      606.00 MB reserved,     117.71 MB ( 19%) committed 

Chunk freelists:
   Non-Class:  15.00 KB
       Class:  4.00 KB
        Both:  19.00 KB

MaxMetaspaceSize: 512.00 MB
CompressedClassSpaceSize: 504.00 MB
Initial GC threshold: 20.80 MB
Current GC threshold: 196.18 MB
CDS: off

CodeHeap 'non-profiled nmethods': size=120000Kb used=11269Kb max_used=11269Kb free=108730Kb
 bounds [0x0000014f3eed0000, 0x0000014f3f9e0000, 0x0000014f46400000]
CodeHeap 'profiled nmethods': size=120000Kb used=34074Kb max_used=34074Kb free=85925Kb
 bounds [0x0000014f379a0000, 0x0000014f39af0000, 0x0000014f3eed0000]
CodeHeap 'non-nmethods': size=5760Kb used=2420Kb max_used=2486Kb free=3340Kb
 bounds [0x0000014f37400000, 0x0000014f37680000, 0x0000014f379a0000]
 total_blobs=15988 nmethods=15042 adapters=857
 compilation: enabled
              stopped_count=0, restarted_count=0
 full_count=0

Compilation events (20 events):
Event: 62.781 Thread 0x0000014f4e6e9000 nmethod 15186 0x0000014f39add590 code [0x0000014f39add7c0, 0x0000014f39ade118]
Event: 62.799 Thread 0x0000014f4e6e9000 15187       3       groovyjarjarasm.asm.Frame::setInputFrameFromDescriptor (175 bytes)
Event: 62.800 Thread 0x0000014f4e6e9000 nmethod 15187 0x0000014f39ade390 code [0x0000014f39ade5c0, 0x0000014f39aded98]
Event: 62.801 Thread 0x0000014f4e6e9000 15188       1       org.gradle.api.internal.tasks.TaskStateInternal::getFailure (5 bytes)
Event: 62.802 Thread 0x0000014f4e6e9000 nmethod 15188 0x0000014f3f9cf810 code [0x0000014f3f9cf9c0, 0x0000014f3f9cfa78]
Event: 62.802 Thread 0x0000014f4e6e9000 15189       3       org.gradle.execution.plan.DefaultPlanExecutor$MergedQueues::selectNext (119 bytes)
Event: 62.802 Thread 0x0000014f4e6dd000 15190       4       org.gradle.internal.resources.ExclusiveAccessResourceLock::doIsLockedByCurrentThread (16 bytes)
Event: 62.802 Thread 0x0000014f4e6dd000 nmethod 15190 0x0000014f3f9cfb10 code [0x0000014f3f9cfca0, 0x0000014f3f9cfd18]
Event: 62.804 Thread 0x0000014f4e6e9000 nmethod 15189 0x0000014f39adf190 code [0x0000014f39adf540, 0x0000014f39ae10f8]
Event: 62.804 Thread 0x0000014f4e6e9000 15191       1       org.gradle.internal.execution.fingerprint.impl.FingerprinterRegistration::getSpec (5 bytes)
Event: 62.804 Thread 0x0000014f4e6e9000 nmethod 15191 0x0000014f3f9cfe10 code [0x0000014f3f9cffc0, 0x0000014f3f9d0078]
Event: 62.804 Thread 0x0000014f4e6e9000 15192       1       org.gradle.internal.execution.fingerprint.impl.FingerprinterRegistration::getFingerprinter (5 bytes)
Event: 62.804 Thread 0x0000014f4e6e9000 nmethod 15192 0x0000014f3f9d0110 code [0x0000014f3f9d02c0, 0x0000014f3f9d0378]
Event: 62.813 Thread 0x0000014f4e6dd000 15193       4       org.gradle.api.internal.file.collections.DefaultDirectoryWalker$PathVisitor::visitFile (10 bytes)
Event: 62.820 Thread 0x0000014f4e6dd000 nmethod 15193 0x0000014f3f9d0410 code [0x0000014f3f9d05e0, 0x0000014f3f9d0878]
Event: 62.820 Thread 0x0000014f4e6dd000 15195       4       org.gradle.api.specs.AndSpec::isSatisfiedBy (48 bytes)
Event: 62.822 Thread 0x0000014f4e6dd000 nmethod 15195 0x0000014f3f9d0c10 code [0x0000014f3f9d0da0, 0x0000014f3f9d0e98]
Event: 62.822 Thread 0x0000014f4e6dd000 15194       4       org.gradle.api.internal.file.collections.DefaultDirectoryWalker$PathVisitor::visitFile (64 bytes)
Event: 62.827 Thread 0x0000014f4e6dd000 nmethod 15194 0x0000014f3f9d1010 code [0x0000014f3f9d11e0, 0x0000014f3f9d1458]
Event: 62.844 Thread 0x0000014f4e6dd000 15196       4       org.codehaus.groovy.runtime.dgm$27::doMethodInvoke (17 bytes)

GC Heap History (20 events):
Event: 48.582 GC heap before
{Heap before GC invocations=63 (full 0):
 garbage-first heap   total 240640K, used 161964K [0x0000000080000000, 0x0000000100000000)
  region size 1024K, 45 young (46080K), 9 survivors (9216K)
 Metaspace       used 102811K, capacity 106090K, committed 106196K, reserved 608256K
  class space    used 13525K, capacity 14842K, committed 14848K, reserved 516096K
}
Event: 48.601 GC heap after
{Heap after GC invocations=64 (full 0):
 garbage-first heap   total 240640K, used 132619K [0x0000000080000000, 0x0000000100000000)
  region size 1024K, 6 young (6144K), 6 survivors (6144K)
 Metaspace       used 102811K, capacity 106090K, committed 106196K, reserved 608256K
  class space    used 13525K, capacity 14842K, committed 14848K, reserved 516096K
}
Event: 49.962 GC heap before
{Heap before GC invocations=65 (full 0):
 garbage-first heap   total 240640K, used 183819K [0x0000000080000000, 0x0000000100000000)
  region size 1024K, 53 young (54272K), 6 survivors (6144K)
 Metaspace       used 104954K, capacity 108430K, committed 108628K, reserved 610304K
  class space    used 13795K, capacity 15191K, committed 15232K, reserved 516096K
}
Event: 49.973 GC heap after
{Heap after GC invocations=66 (full 0):
 garbage-first heap   total 240640K, used 141413K [0x0000000080000000, 0x0000000100000000)
  region size 1024K, 5 young (5120K), 5 survivors (5120K)
 Metaspace       used 104954K, capacity 108430K, committed 108628K, reserved 610304K
  class space    used 13795K, capacity 15191K, committed 15232K, reserved 516096K
}
Event: 50.139 GC heap before
{Heap before GC invocations=66 (full 0):
 garbage-first heap   total 240640K, used 149605K [0x0000000080000000, 0x0000000100000000)
  region size 1024K, 14 young (14336K), 5 survivors (5120K)
 Metaspace       used 105021K, capacity 108494K, committed 108628K, reserved 610304K
  class space    used 13802K, capacity 15202K, committed 15232K, reserved 516096K
}
Event: 50.148 GC heap after
{Heap after GC invocations=67 (full 0):
 garbage-first heap   total 240640K, used 143909K [0x0000000080000000, 0x0000000100000000)
  region size 1024K, 3 young (3072K), 3 survivors (3072K)
 Metaspace       used 105021K, capacity 108494K, committed 108628K, reserved 610304K
  class space    used 13802K, capacity 15202K, committed 15232K, reserved 516096K
}
Event: 50.948 GC heap before
{Heap before GC invocations=68 (full 0):
 garbage-first heap   total 240640K, used 189989K [0x0000000080000000, 0x0000000100000000)
  region size 1024K, 47 young (48128K), 3 survivors (3072K)
 Metaspace       used 107133K, capacity 110708K, committed 110804K, reserved 612352K
  class space    used 14072K, capacity 15525K, committed 15616K, reserved 516096K
}
Event: 50.957 GC heap after
{Heap after GC invocations=69 (full 0):
 garbage-first heap   total 240640K, used 150631K [0x0000000080000000, 0x0000000100000000)
  region size 1024K, 6 young (6144K), 6 survivors (6144K)
 Metaspace       used 107133K, capacity 110708K, committed 110804K, reserved 612352K
  class space    used 14072K, capacity 15525K, committed 15616K, reserved 516096K
}
Event: 52.052 GC heap before
{Heap before GC invocations=69 (full 0):
 garbage-first heap   total 240640K, used 193639K [0x0000000080000000, 0x0000000100000000)
  region size 1024K, 48 young (49152K), 6 survivors (6144K)
 Metaspace       used 111456K, capacity 115061K, committed 115156K, reserved 616448K
  class space    used 14674K, capacity 16108K, committed 16128K, reserved 516096K
}
Event: 52.067 GC heap after
{Heap after GC invocations=70 (full 0):
 garbage-first heap   total 240640K, used 155724K [0x0000000080000000, 0x0000000100000000)
  region size 1024K, 5 young (5120K), 5 survivors (5120K)
 Metaspace       used 111456K, capacity 115061K, committed 115156K, reserved 616448K
  class space    used 14674K, capacity 16108K, committed 16128K, reserved 516096K
}
Event: 53.704 GC heap before
{Heap before GC invocations=71 (full 0):
 garbage-first heap   total 240640K, used 196684K [0x0000000080000000, 0x0000000100000000)
  region size 1024K, 45 young (46080K), 5 survivors (5120K)
 Metaspace       used 112416K, capacity 116236K, committed 116308K, reserved 616448K
  class space    used 14765K, capacity 16236K, committed 16256K, reserved 516096K
}
Event: 53.726 GC heap after
{Heap after GC invocations=72 (full 0):
 garbage-first heap   total 288768K, used 162353K [0x0000000080000000, 0x0000000100000000)
  region size 1024K, 6 young (6144K), 6 survivors (6144K)
 Metaspace       used 112416K, capacity 116236K, committed 116308K, reserved 616448K
  class space    used 14765K, capacity 16236K, committed 16256K, reserved 516096K
}
Event: 54.937 GC heap before
{Heap before GC invocations=72 (full 0):
 garbage-first heap   total 288768K, used 219697K [0x0000000080000000, 0x0000000100000000)
  region size 1024K, 62 young (63488K), 6 survivors (6144K)
 Metaspace       used 113516K, capacity 117424K, committed 117460K, reserved 618496K
  class space    used 14869K, capacity 16370K, committed 16384K, reserved 516096K
}
Event: 54.956 GC heap after
{Heap after GC invocations=73 (full 0):
 garbage-first heap   total 288768K, used 168754K [0x0000000080000000, 0x0000000100000000)
  region size 1024K, 7 young (7168K), 7 survivors (7168K)
 Metaspace       used 113516K, capacity 117424K, committed 117460K, reserved 618496K
  class space    used 14869K, capacity 16370K, committed 16384K, reserved 516096K
}
Event: 55.751 GC heap before
{Heap before GC invocations=74 (full 0):
 garbage-first heap   total 288768K, used 225074K [0x0000000080000000, 0x0000000100000000)
  region size 1024K, 62 young (63488K), 7 survivors (7168K)
 Metaspace       used 115215K, capacity 119130K, committed 119252K, reserved 620544K
  class space    used 15054K, capacity 16587K, committed 16640K, reserved 516096K
}
Event: 55.762 GC heap after
{Heap after GC invocations=75 (full 0):
 garbage-first heap   total 288768K, used 173006K [0x0000000080000000, 0x0000000100000000)
  region size 1024K, 5 young (5120K), 5 survivors (5120K)
 Metaspace       used 115215K, capacity 119130K, committed 119252K, reserved 620544K
  class space    used 15054K, capacity 16587K, committed 16640K, reserved 516096K
}
Event: 57.203 GC heap before
{Heap before GC invocations=75 (full 0):
 garbage-first heap   total 288768K, used 229326K [0x0000000080000000, 0x0000000100000000)
  region size 1024K, 61 young (62464K), 5 survivors (5120K)
 Metaspace       used 116324K, capacity 120488K, committed 120532K, reserved 620544K
  class space    used 15247K, capacity 16885K, committed 16896K, reserved 516096K
}
Event: 57.218 GC heap after
{Heap after GC invocations=76 (full 0):
 garbage-first heap   total 288768K, used 176353K [0x0000000080000000, 0x0000000100000000)
  region size 1024K, 4 young (4096K), 4 survivors (4096K)
 Metaspace       used 116324K, capacity 120488K, committed 120532K, reserved 620544K
  class space    used 15247K, capacity 16885K, committed 16896K, reserved 516096K
}
Event: 62.784 GC heap before
{Heap before GC invocations=77 (full 0):
 garbage-first heap   total 288768K, used 233697K [0x0000000080000000, 0x0000000100000000)
  region size 1024K, 60 young (61440K), 4 survivors (4096K)
 Metaspace       used 116341K, capacity 120498K, committed 120532K, reserved 620544K
  class space    used 15249K, capacity 16887K, committed 16896K, reserved 516096K
}
Event: 62.798 GC heap after
{Heap after GC invocations=78 (full 0):
 garbage-first heap   total 288768K, used 183515K [0x0000000080000000, 0x0000000100000000)
  region size 1024K, 8 young (8192K), 8 survivors (8192K)
 Metaspace       used 116341K, capacity 120498K, committed 120532K, reserved 620544K
  class space    used 15249K, capacity 16887K, committed 16896K, reserved 516096K
}

Deoptimization events (20 events):
Event: 62.812 Thread 0x0000014f51d0a800 Uncommon trap: trap_request=0xffffff4d fr.pc=0x0000014f3f9cad74 relative=0x0000000000000274
Event: 62.812 Thread 0x0000014f51d0a800 Uncommon trap: reason=unstable_if action=reinterpret pc=0x0000014f3f9cad74 method=org.codehaus.groovy.runtime.InvokerHelper.asArray(Ljava/lang/Object;)[Ljava/lang/Object; @ 1 c2
Event: 62.812 Thread 0x0000014f51d0a800 DEOPT PACKING pc=0x0000014f3f9cad74 sp=0x000000226b7faf10
Event: 62.812 Thread 0x0000014f51d0a800 DEOPT UNPACKING pc=0x0000014f3744a1af sp=0x000000226b7fae00 mode 2
Event: 62.812 Thread 0x0000014f51d0a800 Uncommon trap: trap_request=0xffffffde fr.pc=0x0000014f3f9ceb20 relative=0x0000000000000220
Event: 62.812 Thread 0x0000014f51d0a800 Uncommon trap: reason=class_check action=maybe_recompile pc=0x0000014f3f9ceb20 method=org.gradle.api.internal.file.collections.DefaultDirectoryWalker$PathVisitor.preVisitDirectory(Ljava/lang/Object;Ljava/nio/file/attribute/BasicFileAttributes;)Ljava/nio/f
Event: 62.812 Thread 0x0000014f51d0a800 DEOPT PACKING pc=0x0000014f3f9ceb20 sp=0x000000226b7f9920
Event: 62.812 Thread 0x0000014f51d0a800 DEOPT UNPACKING pc=0x0000014f3744a1af sp=0x000000226b7f98b0 mode 2
Event: 62.812 Thread 0x0000014f51d0a800 Uncommon trap: trap_request=0xffffffde fr.pc=0x0000014f3f9a3070 relative=0x0000000000001350
Event: 62.813 Thread 0x0000014f51d0a800 Uncommon trap: reason=class_check action=maybe_recompile pc=0x0000014f3f9a3070 method=org.gradle.api.internal.file.collections.DefaultDirectoryWalker$PathVisitor.getFileVisitDetails(Ljava/nio/file/Path;Ljava/nio/file/attribute/BasicFileAttributes;Z)Lorg/g
Event: 62.813 Thread 0x0000014f51d0a800 DEOPT PACKING pc=0x0000014f3f9a3070 sp=0x000000226b7f97c0
Event: 62.813 Thread 0x0000014f51d0a800 DEOPT UNPACKING pc=0x0000014f3744a1af sp=0x000000226b7f9798 mode 2
Event: 62.813 Thread 0x0000014f51d0a800 Uncommon trap: trap_request=0xffffffde fr.pc=0x0000014f3f9cb974 relative=0x0000000000000114
Event: 62.813 Thread 0x0000014f51d0a800 Uncommon trap: reason=class_check action=maybe_recompile pc=0x0000014f3f9cb974 method=groovy.lang.Closure.call(Ljava/lang/Object;)Ljava/lang/Object; @ 9 c2
Event: 62.813 Thread 0x0000014f51d0a800 DEOPT PACKING pc=0x0000014f3f9cb974 sp=0x000000226b7f9740
Event: 62.813 Thread 0x0000014f51d0a800 DEOPT UNPACKING pc=0x0000014f3744a1af sp=0x000000226b7f96d8 mode 2
Event: 62.814 Thread 0x0000014f51d0a800 Uncommon trap: trap_request=0xffffffde fr.pc=0x0000014f3f9cb974 relative=0x0000000000000114
Event: 62.814 Thread 0x0000014f51d0a800 Uncommon trap: reason=class_check action=maybe_recompile pc=0x0000014f3f9cb974 method=groovy.lang.Closure.call(Ljava/lang/Object;)Ljava/lang/Object; @ 9 c2
Event: 62.814 Thread 0x0000014f51d0a800 DEOPT PACKING pc=0x0000014f3f9cb974 sp=0x000000226b7f9740
Event: 62.814 Thread 0x0000014f51d0a800 DEOPT UNPACKING pc=0x0000014f3744a1af sp=0x000000226b7f96d8 mode 2

Classes redefined (0 events):
No events

Internal exceptions (20 events):
Event: 56.680 Thread 0x0000014f50996000 Exception <a 'java/lang/ClassNotFoundException'{0x000000008ea2b358}: org/gradle/api/internal/file/AbstractFileCollectionBeanInfo> (0x000000008ea2b358) thrown at [./src/hotspot/share/classfile/systemDictionary.cpp, line 230]
Event: 56.682 Thread 0x0000014f50996000 Exception <a 'java/lang/ClassNotFoundException'{0x000000008ea77df8}: org/gradle/api/internal/file/AbstractFileCollectionCustomizer> (0x000000008ea77df8) thrown at [./src/hotspot/share/classfile/systemDictionary.cpp, line 230]
Event: 56.685 Thread 0x0000014f50996000 Exception <a 'java/lang/ClassNotFoundException'{0x000000008eada970}: org/gradle/api/internal/file/CompositeFileCollectionCustomizer> (0x000000008eada970) thrown at [./src/hotspot/share/classfile/systemDictionary.cpp, line 230]
Event: 56.689 Thread 0x0000014f50996000 Exception <a 'java/lang/ClassNotFoundException'{0x000000008e92c818}: org/gradle/api/internal/file/CompositeFileTreeCustomizer> (0x000000008e92c818) thrown at [./src/hotspot/share/classfile/systemDictionary.cpp, line 230]
Event: 56.691 Thread 0x0000014f50996000 Exception <a 'java/lang/ClassNotFoundException'{0x000000008e98f218}: org/gradle/api/internal/file/collections/DefaultConfigurableFileTreeCustomizer> (0x000000008e98f218) thrown at [./src/hotspot/share/classfile/systemDictionary.cpp, line 230]
Event: 56.719 Thread 0x0000014f50996000 Exception <a 'java/lang/ClassNotFoundException'{0x000000008e8d3c70}: org/gradle/api/internal/file/DefaultFileVisitDetailsBeanInfo> (0x000000008e8d3c70) thrown at [./src/hotspot/share/classfile/systemDictionary.cpp, line 230]
Event: 56.722 Thread 0x0000014f50996000 Exception <a 'java/lang/ClassNotFoundException'{0x000000008e723140}: org/gradle/api/internal/file/DefaultFileTreeElementBeanInfo> (0x000000008e723140) thrown at [./src/hotspot/share/classfile/systemDictionary.cpp, line 230]
Event: 56.724 Thread 0x0000014f50996000 Exception <a 'java/lang/ClassNotFoundException'{0x000000008e7734b8}: org/gradle/api/internal/file/AbstractFileTreeElementBeanInfo> (0x000000008e7734b8) thrown at [./src/hotspot/share/classfile/systemDictionary.cpp, line 230]
Event: 56.727 Thread 0x0000014f50996000 Exception <a 'java/lang/ClassNotFoundException'{0x000000008e7c3670}: org/gradle/api/internal/file/AbstractFileTreeElementCustomizer> (0x000000008e7c3670) thrown at [./src/hotspot/share/classfile/systemDictionary.cpp, line 230]
Event: 56.729 Thread 0x0000014f50996000 Exception <a 'java/lang/ClassNotFoundException'{0x000000008e61ad98}: org/gradle/api/internal/file/DefaultFileTreeElementCustomizer> (0x000000008e61ad98) thrown at [./src/hotspot/share/classfile/systemDictionary.cpp, line 230]
Event: 56.731 Thread 0x0000014f50996000 Exception <a 'java/lang/ClassNotFoundException'{0x000000008e676a50}: org/gradle/api/internal/file/DefaultFileVisitDetailsCustomizer> (0x000000008e676a50) thrown at [./src/hotspot/share/classfile/systemDictionary.cpp, line 230]
Event: 56.738 Thread 0x0000014f50996000 Exception <a 'java/lang/ClassNotFoundException'{0x000000008e6d7ab0}: java/nio/file/FilesBeanInfo> (0x000000008e6d7ab0) thrown at [./src/hotspot/share/classfile/systemDictionary.cpp, line 230]
Event: 56.739 Thread 0x0000014f50996000 Exception <a 'java/lang/ClassNotFoundException'{0x000000008e6f2058}: java/nio/file/FilesCustomizer> (0x000000008e6f2058) thrown at [./src/hotspot/share/classfile/systemDictionary.cpp, line 230]
Event: 60.227 Thread 0x0000014f50996000 Exception <a 'java/lang/ClassNotFoundException'{0x000000008f3d8180}: org/gradle/api/internal/file/AttributeBasedFileVisitDetailsBeanInfo> (0x000000008f3d8180) thrown at [./src/hotspot/share/classfile/systemDictionary.cpp, line 230]
Event: 60.229 Thread 0x0000014f50996000 Exception <a 'java/lang/ClassNotFoundException'{0x000000008f21a6a0}: org/gradle/api/internal/file/AttributeBasedFileVisitDetailsCustomizer> (0x000000008f21a6a0) thrown at [./src/hotspot/share/classfile/systemDictionary.cpp, line 230]
Event: 62.779 Thread 0x0000014f50996000 Implicit null exception at 0x0000014f3f9ce37b to 0x0000014f3f9ce498
Event: 62.782 Thread 0x0000014f50996000 Exception <a 'java/lang/ClassNotFoundException'{0x000000008e2d3780}: java/util/LinkedHashSetBeanInfo> (0x000000008e2d3780) thrown at [./src/hotspot/share/classfile/systemDictionary.cpp, line 230]
Event: 62.782 Thread 0x0000014f50996000 Exception <a 'java/lang/ClassNotFoundException'{0x000000008e2e4c90}: java/util/HashSetBeanInfo> (0x000000008e2e4c90) thrown at [./src/hotspot/share/classfile/systemDictionary.cpp, line 230]
Event: 62.783 Thread 0x0000014f50996000 Exception <a 'java/lang/ClassNotFoundException'{0x000000008e2f7408}: java/util/HashSetCustomizer> (0x000000008e2f7408) thrown at [./src/hotspot/share/classfile/systemDictionary.cpp, line 230]
Event: 62.799 Thread 0x0000014f50996000 Exception <a 'java/lang/ClassNotFoundException'{0x0000000091911fd8}: java/util/LinkedHashSetCustomizer> (0x0000000091911fd8) thrown at [./src/hotspot/share/classfile/systemDictionary.cpp, line 230]

Events (20 events):
Event: 62.805 Executing VM operation: RevokeBias
Event: 62.805 Executing VM operation: RevokeBias done
Event: 62.805 Executing VM operation: BulkRevokeBias
Event: 62.807 Executing VM operation: BulkRevokeBias done
Event: 62.809 loading class NoMultipleInstancesAssertionTask$_findReanimatedInstancesForPath_closure1
Event: 62.809 loading class NoMultipleInstancesAssertionTask$_findReanimatedInstancesForPath_closure1 done
Event: 62.809 Executing VM operation: RevokeBias
Event: 62.809 Executing VM operation: RevokeBias done
Event: 62.809 Executing VM operation: RevokeBias
Event: 62.810 Executing VM operation: RevokeBias done
Event: 62.810 Executing VM operation: RevokeBias
Event: 62.810 Executing VM operation: RevokeBias done
Event: 62.810 Executing VM operation: RevokeBias
Event: 62.810 Executing VM operation: RevokeBias done
Event: 62.810 Executing VM operation: RevokeBias
Event: 62.810 Executing VM operation: RevokeBias done
Event: 62.811 Executing VM operation: RevokeBias
Event: 62.811 Executing VM operation: RevokeBias done
Event: 62.811 loading class groovy/runtime/metaclass/NoMultipleInstancesAssertionTask$_findReanimatedInstancesForPath_closure1MetaClass
Event: 62.811 loading class groovy/runtime/metaclass/NoMultipleInstancesAssertionTask$_findReanimatedInstancesForPath_closure1MetaClass done


Dynamic libraries:
0x00007ff650aa0000 - 0x00007ff650aad000 	C:\Program Files\Microsoft\jdk-11.0.18.10-hotspot\bin\java.exe
0x00007ffc08210000 - 0x00007ffc08408000 	C:\Windows\SYSTEM32\ntdll.dll
0x00007ffc07f80000 - 0x00007ffc0803f000 	C:\Windows\System32\KERNEL32.DLL
0x00007ffc05f20000 - 0x00007ffc06216000 	C:\Windows\System32\KERNELBASE.dll
0x00007ffc058f0000 - 0x00007ffc059f0000 	C:\Windows\System32\ucrtbase.dll
0x00007ffbfa750000 - 0x00007ffbfa765000 	C:\Program Files\Microsoft\jdk-11.0.18.10-hotspot\bin\VCRUNTIME140.dll
0x00007ffbfa9e0000 - 0x00007ffbfa9f7000 	C:\Program Files\Microsoft\jdk-11.0.18.10-hotspot\bin\jli.dll
0x00007ffc06a50000 - 0x00007ffc06bed000 	C:\Windows\System32\USER32.dll
0x00007ffbf1d50000 - 0x00007ffbf1fea000 	C:\Windows\WinSxS\amd64_microsoft.windows.common-controls_6595b64144ccf1df_6.0.19041.1110_none_60b5254171f9507e\COMCTL32.dll
0x00007ffc05a60000 - 0x00007ffc05a82000 	C:\Windows\System32\win32u.dll
0x00007ffc080a0000 - 0x00007ffc0813e000 	C:\Windows\System32\msvcrt.dll
0x00007ffc07f50000 - 0x00007ffc07f7c000 	C:\Windows\System32\GDI32.dll
0x00007ffc05cb0000 - 0x00007ffc05dc5000 	C:\Windows\System32\gdi32full.dll
0x00007ffc05dd0000 - 0x00007ffc05e6d000 	C:\Windows\System32\msvcp_win.dll
0x00007ffc06ea0000 - 0x00007ffc06ed0000 	C:\Windows\System32\IMM32.DLL
0x00007ffbf47e0000 - 0x00007ffbf487b000 	C:\Program Files\Microsoft\jdk-11.0.18.10-hotspot\bin\msvcp140.dll
0x00007ffbd6bf0000 - 0x00007ffbd7782000 	C:\Program Files\Microsoft\jdk-11.0.18.10-hotspot\bin\server\jvm.dll
0x00007ffc07a20000 - 0x00007ffc07acf000 	C:\Windows\System32\ADVAPI32.dll
0x00007ffc07c30000 - 0x00007ffc07ccc000 	C:\Windows\System32\sechost.dll
0x00007ffc06ff0000 - 0x00007ffc07116000 	C:\Windows\System32\RPCRT4.dll
0x00007ffc07ad0000 - 0x00007ffc07ad8000 	C:\Windows\System32\PSAPI.DLL
0x00007ffbfbc90000 - 0x00007ffbfbcb7000 	C:\Windows\SYSTEM32\WINMM.dll
0x00007ffc004c0000 - 0x00007ffc004c9000 	C:\Windows\SYSTEM32\WSOCK32.dll
0x00007ffbfdfc0000 - 0x00007ffbfdfca000 	C:\Windows\SYSTEM32\VERSION.dll
0x00007ffc07bc0000 - 0x00007ffc07c2b000 	C:\Windows\System32\WS2_32.dll
0x00007ffc03990000 - 0x00007ffc039a2000 	C:\Windows\SYSTEM32\kernel.appcore.dll
0x00007ffbfeda0000 - 0x00007ffbfedb0000 	C:\Program Files\Microsoft\jdk-11.0.18.10-hotspot\bin\verify.dll
0x00007ffc03560000 - 0x00007ffc03744000 	C:\Windows\SYSTEM32\DBGHELP.DLL
0x00007ffbf43c0000 - 0x00007ffbf43f4000 	C:\Windows\SYSTEM32\dbgcore.DLL
0x00007ffc05ac0000 - 0x00007ffc05b42000 	C:\Windows\System32\bcryptPrimitives.dll
0x00007ffbf4b20000 - 0x00007ffbf4b48000 	C:\Program Files\Microsoft\jdk-11.0.18.10-hotspot\bin\java.dll
0x00007ffbfe8d0000 - 0x00007ffbfe8da000 	C:\Program Files\Microsoft\jdk-11.0.18.10-hotspot\bin\jimage.dll
0x00007ffbf99a0000 - 0x00007ffbf99b8000 	C:\Program Files\Microsoft\jdk-11.0.18.10-hotspot\bin\zip.dll
0x00007ffc072d0000 - 0x00007ffc07a14000 	C:\Windows\System32\SHELL32.dll
0x00007ffc039b0000 - 0x00007ffc04143000 	C:\Windows\SYSTEM32\windows.storage.dll
0x00007ffc066f0000 - 0x00007ffc06a44000 	C:\Windows\System32\combase.dll
0x00007ffc05270000 - 0x00007ffc0529e000 	C:\Windows\SYSTEM32\Wldp.dll
0x00007ffc06cd0000 - 0x00007ffc06d7d000 	C:\Windows\System32\SHCORE.dll
0x00007ffc07ef0000 - 0x00007ffc07f45000 	C:\Windows\System32\shlwapi.dll
0x00007ffc05830000 - 0x00007ffc0584f000 	C:\Windows\SYSTEM32\profapi.dll
0x00007ffbf2540000 - 0x00007ffbf2559000 	C:\Program Files\Microsoft\jdk-11.0.18.10-hotspot\bin\net.dll
0x00007ffbfdeb0000 - 0x00007ffbfdfba000 	C:\Windows\SYSTEM32\WINHTTP.dll
0x00007ffc04fd0000 - 0x00007ffc0503a000 	C:\Windows\system32\mswsock.dll
0x00007ffbf2420000 - 0x00007ffbf2433000 	C:\Program Files\Microsoft\jdk-11.0.18.10-hotspot\bin\nio.dll
0x00007ffbf23f0000 - 0x00007ffbf2417000 	C:\Users\jorge\.gradle\native\e1d6ef7f7dcc3fd88c89a11ec53ec762bb8ba0a96d01ffa2cd45eb1d1d8dd5c5\windows-amd64\native-platform.dll
0x00007ffbdd810000 - 0x00007ffbdd954000 	C:\Users\jorge\.gradle\native\0d407fdbe67a94daf76414ababcb853783967236a71b16ec16e742cd7a986fd3\windows-amd64\native-platform-file-events.dll
0x00007ffbfe820000 - 0x00007ffbfe829000 	C:\Program Files\Microsoft\jdk-11.0.18.10-hotspot\bin\management.dll
0x00007ffbfbaa0000 - 0x00007ffbfbaab000 	C:\Program Files\Microsoft\jdk-11.0.18.10-hotspot\bin\management_ext.dll
0x00007ffc051c0000 - 0x00007ffc051d8000 	C:\Windows\SYSTEM32\CRYPTSP.dll
0x00007ffc048f0000 - 0x00007ffc04924000 	C:\Windows\system32\rsaenh.dll
0x00007ffc05a90000 - 0x00007ffc05ab7000 	C:\Windows\System32\bcrypt.dll
0x00007ffc057b0000 - 0x00007ffc057de000 	C:\Windows\SYSTEM32\USERENV.dll
0x00007ffc051e0000 - 0x00007ffc051ec000 	C:\Windows\SYSTEM32\CRYPTBASE.dll
0x00007ffc04cc0000 - 0x00007ffc04cfc000 	C:\Windows\SYSTEM32\IPHLPAPI.DLL
0x00007ffc066e0000 - 0x00007ffc066e8000 	C:\Windows\System32\NSI.dll
0x00007ffbfea20000 - 0x00007ffbfea37000 	C:\Windows\SYSTEM32\dhcpcsvc6.DLL
0x00007ffbfeba0000 - 0x00007ffbfebbd000 	C:\Windows\SYSTEM32\dhcpcsvc.DLL
0x00007ffc04d00000 - 0x00007ffc04dcb000 	C:\Windows\SYSTEM32\DNSAPI.dll

dbghelp: loaded successfully - version: 4.0.5 - missing functions: none
symbol engine: initialized successfully - sym options: 0x614 - pdb path: .;C:\Program Files\Microsoft\jdk-11.0.18.10-hotspot\bin;C:\Windows\SYSTEM32;C:\Windows\WinSxS\amd64_microsoft.windows.common-controls_6595b64144ccf1df_6.0.19041.1110_none_60b5254171f9507e;C:\Program Files\Microsoft\jdk-11.0.18.10-hotspot\bin\server;C:\Users\jorge\.gradle\native\e1d6ef7f7dcc3fd88c89a11ec53ec762bb8ba0a96d01ffa2cd45eb1d1d8dd5c5\windows-amd64;C:\Users\jorge\.gradle\native\0d407fdbe67a94daf76414ababcb853783967236a71b16ec16e742cd7a986fd3\windows-amd64

VM Arguments:
jvm_args: -XX:MaxMetaspaceSize=512m --add-opens=java.base/java.util=ALL-UNNAMED --add-opens=java.base/java.lang=ALL-UNNAMED --add-opens=java.base/java.lang.invoke=ALL-UNNAMED --add-opens=java.base/java.util=ALL-UNNAMED --add-opens=java.prefs/java.util.prefs=ALL-UNNAMED --add-opens=java.prefs/java.util.prefs=ALL-UNNAMED --add-opens=java.base/java.nio.charset=ALL-UNNAMED --add-opens=java.base/java.net=ALL-UNNAMED --add-opens=java.base/java.util.concurrent.atomic=ALL-UNNAMED -Xmx2048m -Dfile.encoding=windows-1252 -Duser.country=VE -Duser.language=es -Duser.variant 
java_command: org.gradle.launcher.daemon.bootstrap.GradleDaemon 7.5.1
java_class_path (initial): C:\Users\jorge\.gradle\wrapper\dists\gradle-7.5.1-all\1ehga6e77gqps5uk2kc5kf1vc\gradle-7.5.1\lib\gradle-launcher-7.5.1.jar
Launcher Type: SUN_STANDARD

[Global flags]
     intx CICompilerCount                          = 4                                         {product} {ergonomic}
   size_t CompressedClassSpaceSize                 = 528482304                                 {product} {ergonomic}
     uint ConcGCThreads                            = 2                                         {product} {ergonomic}
     uint G1ConcRefinementThreads                  = 8                                         {product} {ergonomic}
   size_t G1HeapRegionSize                         = 1048576                                   {product} {ergonomic}
    uintx GCDrainStackTargetSize                   = 64                                        {product} {ergonomic}
   size_t InitialHeapSize                          = 125829120                                 {product} {ergonomic}
   size_t MarkStackSize                            = 4194304                                   {product} {ergonomic}
   size_t MaxHeapSize                              = 2147483648                                {product} {command line}
   size_t MaxMetaspaceSize                         = 536870912                                 {product} {command line}
   size_t MaxNewSize                               = 1287651328                                {product} {ergonomic}
   size_t MinHeapDeltaBytes                        = 1048576                                   {product} {ergonomic}
    uintx NonNMethodCodeHeapSize                   = 5836300                                {pd product} {ergonomic}
    uintx NonProfiledCodeHeapSize                  = 122910970                              {pd product} {ergonomic}
    uintx ProfiledCodeHeapSize                     = 122910970                              {pd product} {ergonomic}
    uintx ReservedCodeCacheSize                    = 251658240                              {pd product} {ergonomic}
     bool SegmentedCodeCache                       = true                                      {product} {ergonomic}
     bool UseCompressedClassPointers               = true                                 {lp64_product} {ergonomic}
     bool UseCompressedOops                        = true                                 {lp64_product} {ergonomic}
     bool UseG1GC                                  = true                                      {product} {ergonomic}
     bool UseLargePagesIndividualAllocation        = false                                  {pd product} {ergonomic}

Logging:
Log output configuration:
 #0: stdout all=warning uptime,level,tags
 #1: stderr all=off uptime,level,tags

Environment Variables:
JAVA_HOME=C:\Program Files\Microsoft\jdk-11.0.18.10-hotspot\
CLASSPATH=C:\xampp\htdocs\ComunitiesApp\android\\gradle\wrapper\gradle-wrapper.jar
PATH=C:\xampp\htdocs\ComunitiesApp\android\node_modules\.bin;C:\xampp\htdocs\ComunitiesApp\node_modules\.bin;C:\xampp\htdocs\node_modules\.bin;C:\xampp\node_modules\.bin;C:\node_modules\.bin;C:\Program Files\nodejs;C:\xampp\htdocs\ComunitiesApp\node_modules\.bin;C:\xampp\htdocs\ComunitiesApp\node_modules\.bin;C:\xampp\htdocs\node_modules\.bin;C:\xampp\node_modules\.bin;C:\node_modules\.bin;C:\Program Files\nodejs\node_modules\npm\node_modules\@npmcli\run-script\lib\node-gyp-bin;C:\Program Files\Microsoft\jdk-11.0.18.10-hotspot\bin;C:\Windows\system32;C:\Windows;C:\Windows\System32\Wbem;C:\Windows\System32\WindowsPowerShell\v1.0\;C:\Windows\System32\OpenSSH\;C:\Program Files\nodejs\;C:\Program Files\Git\cmd;C:\xampp\php;C:\ProgramData\ComposerSetup\bin;C:\Program Files\dotnet\;C:\ProgramData\chocolatey\bin;C:\Program Files\MongoDB\Server\6.0\bin;C:\Program Files\mongosh;C:\Users\jorge\AppData\Local\Microsoft\WindowsApps;C:\Users\jorge\AppData\Local\Programs\Microsoft VS Code\bin;C:\Users\jorge\AppData\Roaming\npm;C:\Users\jorge\AppData\Roaming\Composer\vendor\bin;C:\Users\jorge\AppData\Local\Android\Sdk;C:\Users\jorge\AppData\Local\Android\Sdk\platform-tools;C:\Program Files\mongosh\
USERNAME=jorge
OS=Windows_NT
PROCESSOR_IDENTIFIER=AMD64 Family 23 Model 24 Stepping 1, AuthenticAMD
TMP=C:\Users\jorge\AppData\Local\Temp
TEMP=C:\Users\jorge\AppData\Local\Temp



---------------  S Y S T E M  ---------------

OS: Windows 10 , 64 bit Build 19041 (10.0.19041.2913)
OS uptime: 4 days 8:48 hours

CPU:total 8 (initial active 8) (8 cores per cpu, 2 threads per core) family 23 model 24 stepping 1 microcode 0x0, cmov, cx8, fxsr, mmx, sse, sse2, sse3, ssse3, sse4.1, sse4.2, popcnt, avx, avx2, aes, clmul, mmxext, 3dnowpref, lzcnt, sse4a, ht, tsc, tscinvbit, tscinv, bmi1, bmi2, adx, sha, fma

Memory: 4k page, system-wide physical 7623M (655M free)
TotalPageFile size 10623M (AvailPageFile size 4M)
current process WorkingSet (physical memory assigned to process): 595M, peak: 636M
current process commit charge ("private bytes"): 650M, peak: 687M

vm_info: OpenJDK 64-Bit Server VM (11.0.18+10-LTS) for windows-amd64 JRE (11.0.18+10-LTS), built on Jan 18 2023 15:56:47 by "MicrosoftCorporation" with MS VC++ 15.9 (VS2017)

END.
