#
# There is insufficient memory for the Java Runtime Environment to continue.
# Native memory allocation (malloc) failed to allocate 32744 bytes for ChunkPool::allocate
# Possible reasons:
#   The system is out of physical RAM or swap space
#   The process is running with CompressedOops enabled, and the Java Heap may be blocking the growth of the native heap
# Possible solutions:
#   Reduce memory load on the system
#   Increase physical memory or swap space
#   Check if swap backing store is full
#   Decrease Java heap size (-Xmx/-Xms)
#   Decrease number of Java threads
#   Decrease Java thread stack sizes (-Xss)
#   Set larger code cache with -XX:ReservedCodeCacheSize=
#   JVM is running with Unscaled Compressed Oops mode in which the Java heap is
#     placed in the first 4GB address space. The Java Heap base address is the
#     maximum limit for the native heap growth. Please use -XX:HeapBaseMinAddress
#     to set the Java Heap base and to place the Java Heap above 4GB virtual address.
# This output file may be truncated or incomplete.
#
#  Out of Memory Error (./src/hotspot/share/memory/arena.cpp:81), pid=7556, tid=15676
#
# JRE version: OpenJDK Runtime Environment Microsoft-7208460 (11.0.18+10) (build 11.0.18+10-LTS)
# Java VM: OpenJDK 64-Bit Server VM Microsoft-7208460 (11.0.18+10-LTS, mixed mode, tiered, compressed oops, g1 gc, windows-amd64)
# No core dump will be written. Minidumps are not enabled by default on client versions of Windows
#

---------------  S U M M A R Y ------------

Command Line: -Xmx64m -Xms64m -Dorg.gradle.appname=gradlew org.gradle.wrapper.GradleWrapperMain app:installDebug -PreactNativeDevServerPort=8081

Host: AMD Ryzen 7 3700U with Radeon Vega Mobile Gfx  , 8 cores, 7G,  Windows 10 , 64 bit Build 19041 (10.0.19041.2913)
Time: Sat Jun  3 22:50:18 2023 Hora estándar de Venezuela elapsed time: 66.122927 seconds (0d 0h 1m 6s)

---------------  T H R E A D  ---------------

Current thread (0x000001ee03142800):  JavaThread "C2 CompilerThread0" daemon [_thread_in_native, id=15676, stack(0x000000852d800000,0x000000852d900000)]


Current CompileTask:
C2:  66123 1674       4       org.gradle.internal.logging.text.AbstractLineChoppingStyledTextOutput$StateContext::isCurrentCharEquals (70 bytes)

Stack: [0x000000852d800000,0x000000852d900000]
Native frames: (J=compiled Java code, j=interpreted, Vv=VM code, C=native code)
V  [jvm.dll+0x62bf8a]
V  [jvm.dll+0x7b8fb9]
V  [jvm.dll+0x7ba6a8]
V  [jvm.dll+0x7bad83]
V  [jvm.dll+0x250248]
V  [jvm.dll+0xc286b]
V  [jvm.dll+0xc2bcc]
V  [jvm.dll+0x5b9f31]
V  [jvm.dll+0x5ba0de]
V  [jvm.dll+0x5be96e]
V  [jvm.dll+0x5bf105]
V  [jvm.dll+0x5bde1e]
V  [jvm.dll+0x20923d]
V  [jvm.dll+0x20850d]
V  [jvm.dll+0x18a4b1]
V  [jvm.dll+0x217eec]
V  [jvm.dll+0x21612b]
V  [jvm.dll+0x77bac0]
V  [jvm.dll+0x7749f4]
V  [jvm.dll+0x62adf5]
C  [ucrtbase.dll+0x21bb2]
C  [KERNEL32.DLL+0x17614]
C  [ntdll.dll+0x526a1]


---------------  P R O C E S S  ---------------

Threads class SMR info:
_java_thread_list=0x000001ee040d3240, length=11, elements={
0x000001ee661cf000, 0x000001ee030af000, 0x000001ee030dd800, 0x000001ee03131000,
0x000001ee03134000, 0x000001ee03137000, 0x000001ee03142800, 0x000001ee03151000,
0x000001ee03154000, 0x000001ee033df000, 0x000001ee0434d800
}

Java Threads: ( => current thread )
  0x000001ee661cf000 JavaThread "main" [_thread_blocked, id=10828, stack(0x000000852cc00000,0x000000852cd00000)]
  0x000001ee030af000 JavaThread "Reference Handler" daemon [_thread_blocked, id=3444, stack(0x000000852d300000,0x000000852d400000)]
  0x000001ee030dd800 JavaThread "Finalizer" daemon [_thread_blocked, id=1716, stack(0x000000852d400000,0x000000852d500000)]
  0x000001ee03131000 JavaThread "Signal Dispatcher" daemon [_thread_blocked, id=1108, stack(0x000000852d500000,0x000000852d600000)]
  0x000001ee03134000 JavaThread "Attach Listener" daemon [_thread_blocked, id=13680, stack(0x000000852d600000,0x000000852d700000)]
  0x000001ee03137000 JavaThread "Service Thread" daemon [_thread_blocked, id=9904, stack(0x000000852d700000,0x000000852d800000)]
=>0x000001ee03142800 JavaThread "C2 CompilerThread0" daemon [_thread_in_native, id=15676, stack(0x000000852d800000,0x000000852d900000)]
  0x000001ee03151000 JavaThread "C1 CompilerThread0" daemon [_thread_blocked, id=11516, stack(0x000000852d900000,0x000000852da00000)]
  0x000001ee03154000 JavaThread "Sweeper thread" daemon [_thread_blocked, id=13808, stack(0x000000852da00000,0x000000852db00000)]
  0x000001ee033df000 JavaThread "Common-Cleaner" daemon [_thread_blocked, id=9832, stack(0x000000852dc00000,0x000000852dd00000)]
  0x000001ee0434d800 JavaThread "DisconnectableInputStream source reader" daemon [_thread_in_native, id=5708, stack(0x000000852e200000,0x000000852e300000)]

Other Threads:
  0x000001ee030ad000 VMThread "VM Thread" [stack: 0x000000852d200000,0x000000852d300000] [id=15572]
  0x000001ee033d6000 WatcherThread [stack: 0x000000852db00000,0x000000852dc00000] [id=1996]
  0x000001ee661e6800 GCTaskThread "GC Thread#0" [stack: 0x000000852cd00000,0x000000852ce00000] [id=12780]
  0x000001ee04196000 GCTaskThread "GC Thread#1" [stack: 0x000000852de00000,0x000000852df00000] [id=7160]
  0x000001ee0407b800 GCTaskThread "GC Thread#2" [stack: 0x000000852dd00000,0x000000852de00000] [id=2928]
  0x000001ee038e0800 GCTaskThread "GC Thread#3" [stack: 0x000000852e000000,0x000000852e100000] [id=15492]
  0x000001ee661f1800 ConcurrentGCThread "G1 Main Marker" [stack: 0x000000852ce00000,0x000000852cf00000] [id=13560]
  0x000001ee661f5000 ConcurrentGCThread "G1 Conc#0" [stack: 0x000000852cf00000,0x000000852d000000] [id=5264]
  0x000001ee6625d000 ConcurrentGCThread "G1 Refine#0" [stack: 0x000000852d000000,0x000000852d100000] [id=5336]
  0x000001ee6625e000 ConcurrentGCThread "G1 Young RemSet Sampling" [stack: 0x000000852d100000,0x000000852d200000] [id=10200]

Threads with active compile tasks:
C2 CompilerThread0    66146 1674       4       org.gradle.internal.logging.text.AbstractLineChoppingStyledTextOutput$StateContext::isCurrentCharEquals (70 bytes)

VM state:not at safepoint (normal execution)

VM Mutex/Monitor currently owned by a thread: None

Heap address: 0x00000000fc000000, size: 64 MB, Compressed Oops mode: 32-bit
Narrow klass base: 0x0000000000000000, Narrow klass shift: 3
Compressed class space size: 1073741824 Address: 0x0000000100000000

Heap:
 garbage-first heap   total 65536K, used 15609K [0x00000000fc000000, 0x0000000100000000)
  region size 1024K, 7 young (7168K), 1 survivors (1024K)
 Metaspace       used 17214K, capacity 17595K, committed 17792K, reserved 1064960K
  class space    used 1927K, capacity 2063K, committed 2176K, reserved 1048576K
Heap Regions: E=young(eden), S=young(survivor), O=old, HS=humongous(starts), HC=humongous(continues), CS=collection set, F=free, A=archive, TAMS=top-at-mark-start (previous, next)
|   0|0x00000000fc000000, 0x00000000fc100000, 0x00000000fc100000|100%| O|  |TAMS 0x00000000fc000000, 0x00000000fc000000| Untracked 
|   1|0x00000000fc100000, 0x00000000fc200000, 0x00000000fc200000|100%| O|  |TAMS 0x00000000fc100000, 0x00000000fc100000| Untracked 
|   2|0x00000000fc200000, 0x00000000fc241000, 0x00000000fc300000| 25%| O|  |TAMS 0x00000000fc200000, 0x00000000fc200000| Untracked 
|   3|0x00000000fc300000, 0x00000000fc400000, 0x00000000fc400000|100%|HS|  |TAMS 0x00000000fc300000, 0x00000000fc300000| Complete 
|   4|0x00000000fc400000, 0x00000000fc500000, 0x00000000fc500000|100%|HC|  |TAMS 0x00000000fc400000, 0x00000000fc400000| Complete 
|   5|0x00000000fc500000, 0x00000000fc600000, 0x00000000fc600000|100%|HC|  |TAMS 0x00000000fc500000, 0x00000000fc500000| Complete 
|   6|0x00000000fc600000, 0x00000000fc700000, 0x00000000fc700000|100%| O|  |TAMS 0x00000000fc600000, 0x00000000fc600000| Untracked 
|   7|0x00000000fc700000, 0x00000000fc800000, 0x00000000fc800000|100%| O|  |TAMS 0x00000000fc700000, 0x00000000fc700000| Untracked 
|   8|0x00000000fc800000, 0x00000000fc900000, 0x00000000fc900000|100%| O|  |TAMS 0x00000000fc800000, 0x00000000fc800000| Untracked 
|   9|0x00000000fc900000, 0x00000000fca00000, 0x00000000fca00000|100%| O|  |TAMS 0x00000000fc900000, 0x00000000fc900000| Untracked 
|  10|0x00000000fca00000, 0x00000000fca00000, 0x00000000fcb00000|  0%| F|  |TAMS 0x00000000fca00000, 0x00000000fca00000| Untracked 
|  11|0x00000000fcb00000, 0x00000000fcb00000, 0x00000000fcc00000|  0%| F|  |TAMS 0x00000000fcb00000, 0x00000000fcb00000| Untracked 
|  12|0x00000000fcc00000, 0x00000000fcc00000, 0x00000000fcd00000|  0%| F|  |TAMS 0x00000000fcc00000, 0x00000000fcc00000| Untracked 
|  13|0x00000000fcd00000, 0x00000000fcd00000, 0x00000000fce00000|  0%| F|  |TAMS 0x00000000fcd00000, 0x00000000fcd00000| Untracked 
|  14|0x00000000fce00000, 0x00000000fce00000, 0x00000000fcf00000|  0%| F|  |TAMS 0x00000000fce00000, 0x00000000fce00000| Untracked 
|  15|0x00000000fcf00000, 0x00000000fcf00000, 0x00000000fd000000|  0%| F|  |TAMS 0x00000000fcf00000, 0x00000000fcf00000| Untracked 
|  16|0x00000000fd000000, 0x00000000fd000000, 0x00000000fd100000|  0%| F|  |TAMS 0x00000000fd000000, 0x00000000fd000000| Untracked 
|  17|0x00000000fd100000, 0x00000000fd100000, 0x00000000fd200000|  0%| F|  |TAMS 0x00000000fd100000, 0x00000000fd100000| Untracked 
|  18|0x00000000fd200000, 0x00000000fd200000, 0x00000000fd300000|  0%| F|  |TAMS 0x00000000fd200000, 0x00000000fd200000| Untracked 
|  19|0x00000000fd300000, 0x00000000fd300000, 0x00000000fd400000|  0%| F|  |TAMS 0x00000000fd300000, 0x00000000fd300000| Untracked 
|  20|0x00000000fd400000, 0x00000000fd400000, 0x00000000fd500000|  0%| F|  |TAMS 0x00000000fd400000, 0x00000000fd400000| Untracked 
|  21|0x00000000fd500000, 0x00000000fd500000, 0x00000000fd600000|  0%| F|  |TAMS 0x00000000fd500000, 0x00000000fd500000| Untracked 
|  22|0x00000000fd600000, 0x00000000fd600000, 0x00000000fd700000|  0%| F|  |TAMS 0x00000000fd600000, 0x00000000fd600000| Untracked 
|  23|0x00000000fd700000, 0x00000000fd700000, 0x00000000fd800000|  0%| F|  |TAMS 0x00000000fd700000, 0x00000000fd700000| Untracked 
|  24|0x00000000fd800000, 0x00000000fd800000, 0x00000000fd900000|  0%| F|  |TAMS 0x00000000fd800000, 0x00000000fd800000| Untracked 
|  25|0x00000000fd900000, 0x00000000fd900000, 0x00000000fda00000|  0%| F|  |TAMS 0x00000000fd900000, 0x00000000fd900000| Untracked 
|  26|0x00000000fda00000, 0x00000000fda00000, 0x00000000fdb00000|  0%| F|  |TAMS 0x00000000fda00000, 0x00000000fda00000| Untracked 
|  27|0x00000000fdb00000, 0x00000000fdb00000, 0x00000000fdc00000|  0%| F|  |TAMS 0x00000000fdb00000, 0x00000000fdb00000| Untracked 
|  28|0x00000000fdc00000, 0x00000000fdc00000, 0x00000000fdd00000|  0%| F|  |TAMS 0x00000000fdc00000, 0x00000000fdc00000| Untracked 
|  29|0x00000000fdd00000, 0x00000000fdd00000, 0x00000000fde00000|  0%| F|  |TAMS 0x00000000fdd00000, 0x00000000fdd00000| Untracked 
|  30|0x00000000fde00000, 0x00000000fde00000, 0x00000000fdf00000|  0%| F|  |TAMS 0x00000000fde00000, 0x00000000fde00000| Untracked 
|  31|0x00000000fdf00000, 0x00000000fdf00000, 0x00000000fe000000|  0%| F|  |TAMS 0x00000000fdf00000, 0x00000000fdf00000| Untracked 
|  32|0x00000000fe000000, 0x00000000fe000000, 0x00000000fe100000|  0%| F|  |TAMS 0x00000000fe000000, 0x00000000fe000000| Untracked 
|  33|0x00000000fe100000, 0x00000000fe100000, 0x00000000fe200000|  0%| F|  |TAMS 0x00000000fe100000, 0x00000000fe100000| Untracked 
|  34|0x00000000fe200000, 0x00000000fe200000, 0x00000000fe300000|  0%| F|  |TAMS 0x00000000fe200000, 0x00000000fe200000| Untracked 
|  35|0x00000000fe300000, 0x00000000fe300000, 0x00000000fe400000|  0%| F|  |TAMS 0x00000000fe300000, 0x00000000fe300000| Untracked 
|  36|0x00000000fe400000, 0x00000000fe400000, 0x00000000fe500000|  0%| F|  |TAMS 0x00000000fe400000, 0x00000000fe400000| Untracked 
|  37|0x00000000fe500000, 0x00000000fe500000, 0x00000000fe600000|  0%| F|  |TAMS 0x00000000fe500000, 0x00000000fe500000| Untracked 
|  38|0x00000000fe600000, 0x00000000fe600000, 0x00000000fe700000|  0%| F|  |TAMS 0x00000000fe600000, 0x00000000fe600000| Untracked 
|  39|0x00000000fe700000, 0x00000000fe700000, 0x00000000fe800000|  0%| F|  |TAMS 0x00000000fe700000, 0x00000000fe700000| Untracked 
|  40|0x00000000fe800000, 0x00000000fe800000, 0x00000000fe900000|  0%| F|  |TAMS 0x00000000fe800000, 0x00000000fe800000| Untracked 
|  41|0x00000000fe900000, 0x00000000fe9fd500, 0x00000000fea00000| 98%| S|CS|TAMS 0x00000000fe900000, 0x00000000fe900000| Complete 
|  42|0x00000000fea00000, 0x00000000fea00000, 0x00000000feb00000|  0%| F|  |TAMS 0x00000000fea00000, 0x00000000fea00000| Untracked 
|  43|0x00000000feb00000, 0x00000000feb00000, 0x00000000fec00000|  0%| F|  |TAMS 0x00000000feb00000, 0x00000000feb00000| Untracked 
|  44|0x00000000fec00000, 0x00000000fec00000, 0x00000000fed00000|  0%| F|  |TAMS 0x00000000fec00000, 0x00000000fec00000| Untracked 
|  45|0x00000000fed00000, 0x00000000fed00000, 0x00000000fee00000|  0%| F|  |TAMS 0x00000000fed00000, 0x00000000fed00000| Untracked 
|  46|0x00000000fee00000, 0x00000000fee00000, 0x00000000fef00000|  0%| F|  |TAMS 0x00000000fee00000, 0x00000000fee00000| Untracked 
|  47|0x00000000fef00000, 0x00000000fef00000, 0x00000000ff000000|  0%| F|  |TAMS 0x00000000fef00000, 0x00000000fef00000| Untracked 
|  48|0x00000000ff000000, 0x00000000ff000000, 0x00000000ff100000|  0%| F|  |TAMS 0x00000000ff000000, 0x00000000ff000000| Untracked 
|  49|0x00000000ff100000, 0x00000000ff100000, 0x00000000ff200000|  0%| F|  |TAMS 0x00000000ff100000, 0x00000000ff100000| Untracked 
|  50|0x00000000ff200000, 0x00000000ff200000, 0x00000000ff300000|  0%| F|  |TAMS 0x00000000ff200000, 0x00000000ff200000| Untracked 
|  51|0x00000000ff300000, 0x00000000ff300000, 0x00000000ff400000|  0%| F|  |TAMS 0x00000000ff300000, 0x00000000ff300000| Untracked 
|  52|0x00000000ff400000, 0x00000000ff400000, 0x00000000ff500000|  0%| F|  |TAMS 0x00000000ff400000, 0x00000000ff400000| Untracked 
|  53|0x00000000ff500000, 0x00000000ff500000, 0x00000000ff600000|  0%| F|  |TAMS 0x00000000ff500000, 0x00000000ff500000| Untracked 
|  54|0x00000000ff600000, 0x00000000ff600000, 0x00000000ff700000|  0%| F|  |TAMS 0x00000000ff600000, 0x00000000ff600000| Untracked 
|  55|0x00000000ff700000, 0x00000000ff700000, 0x00000000ff800000|  0%| F|  |TAMS 0x00000000ff700000, 0x00000000ff700000| Untracked 
|  56|0x00000000ff800000, 0x00000000ff800000, 0x00000000ff900000|  0%| F|  |TAMS 0x00000000ff800000, 0x00000000ff800000| Untracked 
|  57|0x00000000ff900000, 0x00000000ff900000, 0x00000000ffa00000|  0%| F|  |TAMS 0x00000000ff900000, 0x00000000ff900000| Untracked 
|  58|0x00000000ffa00000, 0x00000000ffafcda8, 0x00000000ffb00000| 98%| E|  |TAMS 0x00000000ffa00000, 0x00000000ffa00000| Complete 
|  59|0x00000000ffb00000, 0x00000000ffc00000, 0x00000000ffc00000|100%| E|CS|TAMS 0x00000000ffb00000, 0x00000000ffb00000| Complete 
|  60|0x00000000ffc00000, 0x00000000ffd00000, 0x00000000ffd00000|100%| E|CS|TAMS 0x00000000ffc00000, 0x00000000ffc00000| Complete 
|  61|0x00000000ffd00000, 0x00000000ffe00000, 0x00000000ffe00000|100%| E|CS|TAMS 0x00000000ffd00000, 0x00000000ffd00000| Complete 
|  62|0x00000000ffe00000, 0x00000000fff00000, 0x00000000fff00000|100%| E|CS|TAMS 0x00000000ffe00000, 0x00000000ffe00000| Complete 
|  63|0x00000000fff00000, 0x0000000100000000, 0x0000000100000000|100%| E|CS|TAMS 0x00000000fff00000, 0x00000000fff00000| Complete 

Card table byte_map: [0x000001ee7fbe0000,0x000001ee7fc00000] _byte_map_base: 0x000001ee7f400000

Marking Bits (Prev, Next): (CMBitMap*) 0x000001ee661f09f8, (CMBitMap*) 0x000001ee661f0a30
 Prev Bits: [0x000001ee7fc20000, 0x000001ee7fd20000)
 Next Bits: [0x000001ee7fd20000, 0x000001ee7fe20000)

Polling page: 0x000001ee662b0000

Metaspace:

Usage:
  Non-class:     15.17 MB capacity,    14.93 MB ( 98%) used,   218.98 KB (  1%) free+waste,    26.13 KB ( <1%) overhead. 
      Class:      2.01 MB capacity,     1.88 MB ( 93%) used,   122.90 KB (  6%) free+waste,    12.81 KB ( <1%) overhead. 
       Both:     17.18 MB capacity,    16.81 MB ( 98%) used,   341.88 KB (  2%) free+waste,    38.94 KB ( <1%) overhead. 

Virtual space:
  Non-class space:       16.00 MB reserved,      15.25 MB ( 95%) committed 
      Class space:        1.00 GB reserved,       2.13 MB ( <1%) committed 
             Both:        1.02 GB reserved,      17.38 MB (  2%) committed 

Chunk freelists:
   Non-Class:  20.00 KB
       Class:  17.00 KB
        Both:  37.00 KB

MaxMetaspaceSize: 17179869184.00 GB
CompressedClassSpaceSize: 1.00 GB
Initial GC threshold: 20.80 MB
Current GC threshold: 20.80 MB
CDS: off

CodeHeap 'non-profiled nmethods': size=120000Kb used=602Kb max_used=602Kb free=119397Kb
 bounds [0x000001ee77c10000, 0x000001ee77e80000, 0x000001ee7f140000]
CodeHeap 'profiled nmethods': size=120000Kb used=3349Kb max_used=3349Kb free=116650Kb
 bounds [0x000001ee706e0000, 0x000001ee70a30000, 0x000001ee77c10000]
CodeHeap 'non-nmethods': size=5760Kb used=1172Kb max_used=1184Kb free=4587Kb
 bounds [0x000001ee70140000, 0x000001ee703b0000, 0x000001ee706e0000]
 total_blobs=2113 nmethods=1673 adapters=353
 compilation: enabled
              stopped_count=0, restarted_count=0
 full_count=0

Compilation events (20 events):
Event: 65.818 Thread 0x000001ee03151000 1662       3       java.util.concurrent.ScheduledThreadPoolExecutor$ScheduledFutureTask::setNextRunTime (38 bytes)
Event: 65.819 Thread 0x000001ee03151000 nmethod 1662 0x000001ee70a1c010 code [0x000001ee70a1c1e0, 0x000001ee70a1c508]
Event: 65.819 Thread 0x000001ee03151000 1663       3       java.util.concurrent.ScheduledThreadPoolExecutor::reExecutePeriodic (49 bytes)
Event: 65.820 Thread 0x000001ee03151000 nmethod 1663 0x000001ee70a1c610 code [0x000001ee70a1c840, 0x000001ee70a1cea8]
Event: 66.009 Thread 0x000001ee03151000 1664       3       org.gradle.internal.logging.console.ProgressBar::trimToConsole (45 bytes)
Event: 66.010 Thread 0x000001ee03151000 nmethod 1664 0x000001ee70a1d090 code [0x000001ee70a1d260, 0x000001ee70a1d588]
Event: 66.010 Thread 0x000001ee03151000 1665       3       java.util.concurrent.locks.AbstractQueuedSynchronizer::transferForSignal (45 bytes)
Event: 66.012 Thread 0x000001ee03151000 nmethod 1665 0x000001ee70a1d710 code [0x000001ee70a1da00, 0x000001ee70a1e8b8]
Event: 66.106 Thread 0x000001ee03151000 1666       3       java.util.regex.Pattern$$Lambda$1/0x0000000100066040::is (9 bytes)
Event: 66.107 Thread 0x000001ee03151000 nmethod 1666 0x000001ee70a1ee10 code [0x000001ee70a1efc0, 0x000001ee70a1f178]
Event: 66.107 Thread 0x000001ee03151000 1667       3       java.util.regex.Pattern::lambda$Single$8 (11 bytes)
Event: 66.107 Thread 0x000001ee03151000 nmethod 1667 0x000001ee70a1f210 code [0x000001ee70a1f3c0, 0x000001ee70a1f4f8]
Event: 66.110 Thread 0x000001ee03142800 1668       4       jdk.internal.org.objectweb.asm.ByteVector::putShort (52 bytes)
Event: 66.112 Thread 0x000001ee03142800 nmethod 1668 0x000001ee77ca5f10 code [0x000001ee77ca60c0, 0x000001ee77ca6248]
Event: 66.116 Thread 0x000001ee03151000 1670       3       jdk.internal.org.objectweb.asm.ClassWriter::visitMethod (20 bytes)
Event: 66.116 Thread 0x000001ee03151000 nmethod 1670 0x000001ee70a1f590 code [0x000001ee70a1f740, 0x000001ee70a1f928]
Event: 66.116 Thread 0x000001ee03151000 1672       3       jdk.internal.org.objectweb.asm.MethodWriter::visitMaxs (1144 bytes)
Event: 66.118 Thread 0x000001ee03142800 1673       4       org.gradle.internal.logging.text.AbstractLineChoppingStyledTextOutput::access$900 (4 bytes)
Event: 66.118 Thread 0x000001ee03142800 nmethod 1673 0x000001ee77ca6690 code [0x000001ee77ca6820, 0x000001ee77ca6878]
Event: 66.118 Thread 0x000001ee03142800 1674       4       org.gradle.internal.logging.text.AbstractLineChoppingStyledTextOutput$StateContext::isCurrentCharEquals (70 bytes)

GC Heap History (4 events):
Event: 1.654 GC heap before
{Heap before GC invocations=0 (full 0):
 garbage-first heap   total 65536K, used 29696K [0x00000000fc000000, 0x0000000100000000)
  region size 1024K, 24 young (24576K), 0 survivors (0K)
 Metaspace       used 10564K, capacity 10848K, committed 11008K, reserved 1058816K
  class space    used 1067K, capacity 1167K, committed 1280K, reserved 1048576K
}
Event: 1.666 GC heap after
{Heap after GC invocations=1 (full 0):
 garbage-first heap   total 65536K, used 9346K [0x00000000fc000000, 0x0000000100000000)
  region size 1024K, 3 young (3072K), 3 survivors (3072K)
 Metaspace       used 10564K, capacity 10848K, committed 11008K, reserved 1058816K
  class space    used 1067K, capacity 1167K, committed 1280K, reserved 1048576K
}
Event: 2.956 GC heap before
{Heap before GC invocations=1 (full 0):
 garbage-first heap   total 65536K, used 31874K [0x00000000fc000000, 0x0000000100000000)
  region size 1024K, 25 young (25600K), 3 survivors (3072K)
 Metaspace       used 15192K, capacity 15563K, committed 15744K, reserved 1062912K
  class space    used 1741K, capacity 1872K, committed 1920K, reserved 1048576K
}
Event: 2.962 GC heap after
{Heap after GC invocations=2 (full 0):
 garbage-first heap   total 65536K, used 10489K [0x00000000fc000000, 0x0000000100000000)
  region size 1024K, 1 young (1024K), 1 survivors (1024K)
 Metaspace       used 15192K, capacity 15563K, committed 15744K, reserved 1062912K
  class space    used 1741K, capacity 1872K, committed 1920K, reserved 1048576K
}

Deoptimization events (20 events):
Event: 3.082 Thread 0x000001ee0434d800 Uncommon trap: trap_request=0xffffff4d fr.pc=0x000001ee77c4a54c relative=0x000000000000048c
Event: 3.082 Thread 0x000001ee0434d800 Uncommon trap: reason=unstable_if action=reinterpret pc=0x000001ee77c4a54c method=java.lang.AbstractStringBuilder.putStringAt(ILjava/lang/String;)V @ 8 c2
Event: 3.082 Thread 0x000001ee0434d800 DEOPT PACKING pc=0x000001ee77c4a54c sp=0x000000852e1ff140
Event: 3.082 Thread 0x000001ee0434d800 DEOPT UNPACKING pc=0x000001ee7018a1af sp=0x000000852e1ff0b0 mode 2
Event: 3.082 Thread 0x000001ee0434d800 Uncommon trap: trap_request=0xffffff4d fr.pc=0x000001ee77c4bbec relative=0x00000000000000cc
Event: 3.082 Thread 0x000001ee0434d800 Uncommon trap: reason=unstable_if action=reinterpret pc=0x000001ee77c4bbec method=java.lang.String.getBytes([BIB)V @ 5 c2
Event: 3.082 Thread 0x000001ee0434d800 DEOPT PACKING pc=0x000001ee77c4bbec sp=0x000000852e1ff060
Event: 3.082 Thread 0x000001ee0434d800 DEOPT UNPACKING pc=0x000001ee7018a1af sp=0x000000852e1ff028 mode 2
Event: 3.082 Thread 0x000001ee0434d800 Uncommon trap: trap_request=0xffffff4d fr.pc=0x000001ee77c71fb8 relative=0x00000000000003f8
Event: 3.082 Thread 0x000001ee0434d800 Uncommon trap: reason=unstable_if action=reinterpret pc=0x000001ee77c71fb8 method=java.lang.AbstractStringBuilder.isLatin1()Z @ 10 c2
Event: 3.082 Thread 0x000001ee0434d800 DEOPT PACKING pc=0x000001ee77c71fb8 sp=0x000000852e1ff1c0
Event: 3.082 Thread 0x000001ee0434d800 DEOPT UNPACKING pc=0x000001ee7018a1af sp=0x000000852e1ff140 mode 2
Event: 8.625 Thread 0x000001ee0434d800 Uncommon trap: trap_request=0xffffff4d fr.pc=0x000001ee77c2a11c relative=0x000000000000007c
Event: 8.625 Thread 0x000001ee0434d800 Uncommon trap: reason=unstable_if action=reinterpret pc=0x000001ee77c2a11c method=java.lang.String.codePointAt(I)I @ 4 c2
Event: 8.625 Thread 0x000001ee0434d800 DEOPT PACKING pc=0x000001ee77c2a11c sp=0x000000852e1ff140
Event: 8.625 Thread 0x000001ee0434d800 DEOPT UNPACKING pc=0x000001ee7018a1af sp=0x000000852e1ff0d8 mode 2
Event: 8.627 Thread 0x000001ee03ed9000 Uncommon trap: trap_request=0xffffffde fr.pc=0x000001ee77c753d4 relative=0x0000000000001014
Event: 8.627 Thread 0x000001ee03ed9000 Uncommon trap: reason=class_check action=maybe_recompile pc=0x000001ee77c753d4 method=java.util.concurrent.ConcurrentHashMap.putVal(Ljava/lang/Object;Ljava/lang/Object;Z)Ljava/lang/Object; @ 242 c2
Event: 8.627 Thread 0x000001ee03ed9000 DEOPT PACKING pc=0x000001ee77c753d4 sp=0x000000852e3fe5a0
Event: 8.627 Thread 0x000001ee03ed9000 DEOPT UNPACKING pc=0x000001ee7018a1af sp=0x000000852e3fe520 mode 2

Classes redefined (0 events):
No events

Internal exceptions (19 events):
Event: 0.372 Thread 0x000001ee661cf000 Exception <a 'java/lang/NoSuchMethodError'{0x00000000ffc5bfd8}: 'int java.lang.invoke.DirectMethodHandle$Holder.invokeStaticInit(java.lang.Object, java.lang.Object)'> (0x00000000ffc5bfd8) thrown at [./src/hotspot/share/interpreter/linkResolver.cpp, line 773]
Event: 0.448 Thread 0x000001ee661cf000 Exception <a 'java/lang/NoSuchMethodError'{0x00000000ffb2fb20}: 'int java.lang.invoke.DirectMethodHandle$Holder.invokeSpecial(java.lang.Object, java.lang.Object, java.lang.Object, java.lang.Object)'> (0x00000000ffb2fb20) thrown at [./src/hotspot/share/interpreter/linkResolver.cpp, line 773]
Event: 0.460 Thread 0x000001ee661cf000 Exception <a 'java/lang/NoSuchMethodError'{0x00000000ffb683d8}: 'int java.lang.invoke.DirectMethodHandle$Holder.invokeSpecialIFC(java.lang.Object, java.lang.Object, int)'> (0x00000000ffb683d8) thrown at [./src/hotspot/share/interpreter/linkResolver.cpp, line 773]
Event: 1.538 Thread 0x000001ee661cf000 Implicit null exception at 0x000001ee77c551f5 to 0x000001ee77c553c4
Event: 1.640 Thread 0x000001ee661cf000 Exception <a 'java/lang/NoClassDefFoundError'{0x00000000fe8a3c10}: org/slf4j/impl/StaticMarkerBinder> (0x00000000fe8a3c10) thrown at [./src/hotspot/share/classfile/systemDictionary.cpp, line 219]
Event: 1.693 Thread 0x000001ee661cf000 Exception <a 'java/lang/NoSuchMethodError'{0x00000000fffe1e50}: 'java.lang.Object java.lang.invoke.DirectMethodHandle$Holder.invokeVirtual(java.lang.Object, java.lang.Object, java.lang.Object, java.lang.Object, java.lang.Object, java.lang.Object, java.lang.Object)'> (0x00000000fffe1e50) thrown at [./src/hotspot/share/interpreter/linkResolver.cpp, line 773]
Event: 1.698 Thread 0x000001ee661cf000 Exception <a 'java/lang/NoSuchMethodError'{0x00000000ffff5a30}: 'java.lang.Object java.lang.invoke.Invokers$Holder.invoker(java.lang.Object, java.lang.Object, java.lang.Object)'> (0x00000000ffff5a30) thrown at [./src/hotspot/share/interpreter/linkResolver.cpp, line 773]
Event: 1.705 Thread 0x000001ee661cf000 Exception <a 'java/lang/NoSuchMethodError'{0x00000000ffe06b10}: 'void java.lang.invoke.DelegatingMethodHandle$Holder.delegate(java.lang.Object, java.lang.Object, int, java.lang.Object)'> (0x00000000ffe06b10) thrown at [./src/hotspot/share/interpreter/linkResolver.cpp, line 773]
Event: 1.952 Thread 0x000001ee661cf000 Exception <a 'java/lang/NoSuchMethodError'{0x00000000ff743650}: 'java.lang.Object java.lang.invoke.DirectMethodHandle$Holder.invokeInterface(java.lang.Object, java.lang.Object, java.lang.Object)'> (0x00000000ff743650) thrown at [./src/hotspot/share/interpreter/linkResolver.cpp, line 773]
Event: 2.084 Thread 0x000001ee661cf000 Exception <a 'java/lang/NoSuchMethodError'{0x00000000ff4ac3f0}: 'java.lang.Object java.lang.invoke.DirectMethodHandle$Holder.invokeStaticInit(java.lang.Object, java.lang.Object, java.lang.Object)'> (0x00000000ff4ac3f0) thrown at [./src/hotspot/share/interpreter/linkResolver.cpp, line 773]
Event: 2.280 Thread 0x000001ee661cf000 Exception <a 'java/lang/NoSuchMethodError'{0x00000000fef698a8}: 'java.lang.Object java.lang.invoke.DirectMethodHandle$Holder.invokeStaticInit(java.lang.Object, int, int, int, int)'> (0x00000000fef698a8) thrown at [./src/hotspot/share/interpreter/linkResolver.cpp, line 773]
Event: 2.492 Thread 0x000001ee661cf000 Exception <a 'java/lang/NoSuchMethodError'{0x00000000fef96098}: 'java.lang.Object java.lang.invoke.DirectMethodHandle$Holder.invokeStaticInit(java.lang.Object, java.lang.Object, int, int, int, int)'> (0x00000000fef96098) thrown at [./src/hotspot/share/interpreter/linkResolver.cpp, line 773]
Event: 3.054 Thread 0x000001ee0434d800 Exception <a 'java/lang/NoSuchMethodError'{0x00000000ffead7f8}: 'void java.lang.invoke.DirectMethodHandle$Holder.invokeStatic(java.lang.Object, long)'> (0x00000000ffead7f8) thrown at [./src/hotspot/share/interpreter/linkResolver.cpp, line 773]
Event: 3.055 Thread 0x000001ee0434d800 Exception <a 'java/lang/NoSuchMethodError'{0x00000000ffeb2760}: 'java.lang.Object java.lang.invoke.DirectMethodHandle$Holder.invokeStatic(java.lang.Object, long)'> (0x00000000ffeb2760) thrown at [./src/hotspot/share/interpreter/linkResolver.cpp, line 773]
Event: 3.060 Thread 0x000001ee0434d800 Exception <a 'java/lang/NoSuchMethodError'{0x00000000ffec08a0}: 'java.lang.Object java.lang.invoke.DirectMethodHandle$Holder.invokeStaticInit(java.lang.Object, java.lang.Object, long, java.lang.Object)'> (0x00000000ffec08a0) thrown at [./src/hotspot/share/interpreter/linkResolver.cpp, line 773]
Event: 3.061 Thread 0x000001ee0434d800 Exception <a 'java/lang/NoSuchMethodError'{0x00000000ffec6790}: 'java.lang.Object java.lang.invoke.DirectMethodHandle$Holder.invokeStatic(java.lang.Object, java.lang.Object, long)'> (0x00000000ffec6790) thrown at [./src/hotspot/share/interpreter/linkResolver.cpp, line 773]
Event: 3.061 Thread 0x000001ee0434d800 Exception <a 'java/lang/NoSuchMethodError'{0x00000000ffecca60}: 'java.lang.Object java.lang.invoke.Invokers$Holder.linkToTargetMethod(java.lang.Object, long, java.lang.Object)'> (0x00000000ffecca60) thrown at [./src/hotspot/share/interpreter/linkResolver.cpp, line 773]
Event: 66.106 Thread 0x000001ee661cf000 Exception <a 'java/io/IOException'{0x00000000ffb5d428}> (0x00000000ffb5d428) thrown at [./src/hotspot/share/prims/jni.cpp, line 617]
Event: 66.107 Thread 0x000001ee03ed9800 Exception <a 'java/io/IOException'{0x00000000ffc02908}> (0x00000000ffc02908) thrown at [./src/hotspot/share/prims/jni.cpp, line 617]

Events (20 events):
Event: 66.114 loading class org/gradle/internal/logging/text/StyledTextOutput
Event: 66.114 loading class org/gradle/internal/logging/text/StyledTextOutput done
Event: 66.114 loading class org/gradle/internal/logging/text/BufferingStyledTextOutput
Event: 66.114 loading class org/gradle/internal/logging/text/BufferingStyledTextOutput done
Event: 66.114 loading class org/gradle/internal/logging/text/BufferingStyledTextOutput$ChangeStyleAction
Event: 66.114 loading class org/gradle/internal/logging/text/BufferingStyledTextOutput$ChangeStyleAction done
Event: 66.115 loading class org/gradle/internal/logging/text/AbstractStyledTextOutput$StyleOverrideTextOutput
Event: 66.115 loading class org/gradle/internal/logging/text/AbstractStyledTextOutput$StyleOverrideTextOutput done
Event: 66.115 loading class org/gradle/internal/logging/text/BufferingStyledTextOutput
Event: 66.115 loading class org/gradle/internal/logging/text/BufferingStyledTextOutput done
Event: 66.115 loading class org/gradle/internal/buildevents/BuildExceptionReporter
Event: 66.115 loading class org/gradle/internal/buildevents/BuildExceptionReporter done
Event: 66.116 loading class org/gradle/internal/logging/text/StyledTextOutput
Event: 66.116 loading class org/gradle/internal/logging/text/StyledTextOutput done
Event: 66.117 loading class org/gradle/internal/exceptions/ContextAwareException
Event: 66.117 loading class org/gradle/internal/exceptions/ContextAwareException done
Event: 66.117 loading class org/gradle/internal/exceptions/StyledException
Event: 66.117 loading class org/gradle/internal/exceptions/StyledException done
Event: 66.120 loading class org/gradle/launcher/bootstrap/ProcessCompleter
Event: 66.120 loading class org/gradle/launcher/bootstrap/ProcessCompleter done


Dynamic libraries:
0x00007ff650aa0000 - 0x00007ff650aad000 	C:\Program Files\Microsoft\jdk-11.0.18.10-hotspot\bin\java.exe
0x00007ffc08210000 - 0x00007ffc08408000 	C:\Windows\SYSTEM32\ntdll.dll
0x00007ffc07f80000 - 0x00007ffc0803f000 	C:\Windows\System32\KERNEL32.DLL
0x00007ffc05f20000 - 0x00007ffc06216000 	C:\Windows\System32\KERNELBASE.dll
0x00007ffc058f0000 - 0x00007ffc059f0000 	C:\Windows\System32\ucrtbase.dll
0x00007ffbfa9e0000 - 0x00007ffbfa9f7000 	C:\Program Files\Microsoft\jdk-11.0.18.10-hotspot\bin\jli.dll
0x00007ffbfa750000 - 0x00007ffbfa765000 	C:\Program Files\Microsoft\jdk-11.0.18.10-hotspot\bin\VCRUNTIME140.dll
0x00007ffc06a50000 - 0x00007ffc06bed000 	C:\Windows\System32\USER32.dll
0x00007ffbf1d50000 - 0x00007ffbf1fea000 	C:\Windows\WinSxS\amd64_microsoft.windows.common-controls_6595b64144ccf1df_6.0.19041.1110_none_60b5254171f9507e\COMCTL32.dll
0x00007ffc05a60000 - 0x00007ffc05a82000 	C:\Windows\System32\win32u.dll
0x00007ffc080a0000 - 0x00007ffc0813e000 	C:\Windows\System32\msvcrt.dll
0x00007ffc07f50000 - 0x00007ffc07f7c000 	C:\Windows\System32\GDI32.dll
0x00007ffc05cb0000 - 0x00007ffc05dc5000 	C:\Windows\System32\gdi32full.dll
0x00007ffc05dd0000 - 0x00007ffc05e6d000 	C:\Windows\System32\msvcp_win.dll
0x00007ffc06ea0000 - 0x00007ffc06ed0000 	C:\Windows\System32\IMM32.DLL
0x00007ffbf47e0000 - 0x00007ffbf487b000 	C:\Program Files\Microsoft\jdk-11.0.18.10-hotspot\bin\msvcp140.dll
0x00007ffbd6bf0000 - 0x00007ffbd7782000 	C:\Program Files\Microsoft\jdk-11.0.18.10-hotspot\bin\server\jvm.dll
0x00007ffc07a20000 - 0x00007ffc07acf000 	C:\Windows\System32\ADVAPI32.dll
0x00007ffc07c30000 - 0x00007ffc07ccc000 	C:\Windows\System32\sechost.dll
0x00007ffc06ff0000 - 0x00007ffc07116000 	C:\Windows\System32\RPCRT4.dll
0x00007ffc07ad0000 - 0x00007ffc07ad8000 	C:\Windows\System32\PSAPI.DLL
0x00007ffbfbc90000 - 0x00007ffbfbcb7000 	C:\Windows\SYSTEM32\WINMM.dll
0x00007ffc004c0000 - 0x00007ffc004c9000 	C:\Windows\SYSTEM32\WSOCK32.dll
0x00007ffbfdfc0000 - 0x00007ffbfdfca000 	C:\Windows\SYSTEM32\VERSION.dll
0x00007ffc07bc0000 - 0x00007ffc07c2b000 	C:\Windows\System32\WS2_32.dll
0x00007ffc03990000 - 0x00007ffc039a2000 	C:\Windows\SYSTEM32\kernel.appcore.dll
0x00007ffbfeda0000 - 0x00007ffbfedb0000 	C:\Program Files\Microsoft\jdk-11.0.18.10-hotspot\bin\verify.dll
0x00007ffc03560000 - 0x00007ffc03744000 	C:\Windows\SYSTEM32\DBGHELP.DLL
0x00007ffbf43c0000 - 0x00007ffbf43f4000 	C:\Windows\SYSTEM32\dbgcore.DLL
0x00007ffc05ac0000 - 0x00007ffc05b42000 	C:\Windows\System32\bcryptPrimitives.dll
0x00007ffbf4b20000 - 0x00007ffbf4b48000 	C:\Program Files\Microsoft\jdk-11.0.18.10-hotspot\bin\java.dll
0x00007ffbfe8d0000 - 0x00007ffbfe8da000 	C:\Program Files\Microsoft\jdk-11.0.18.10-hotspot\bin\jimage.dll
0x00007ffbf99a0000 - 0x00007ffbf99b8000 	C:\Program Files\Microsoft\jdk-11.0.18.10-hotspot\bin\zip.dll
0x00007ffc072d0000 - 0x00007ffc07a14000 	C:\Windows\System32\SHELL32.dll
0x00007ffc039b0000 - 0x00007ffc04143000 	C:\Windows\SYSTEM32\windows.storage.dll
0x00007ffc066f0000 - 0x00007ffc06a44000 	C:\Windows\System32\combase.dll
0x00007ffc05270000 - 0x00007ffc0529e000 	C:\Windows\SYSTEM32\Wldp.dll
0x00007ffc06cd0000 - 0x00007ffc06d7d000 	C:\Windows\System32\SHCORE.dll
0x00007ffc07ef0000 - 0x00007ffc07f45000 	C:\Windows\System32\shlwapi.dll
0x00007ffc05830000 - 0x00007ffc0584f000 	C:\Windows\SYSTEM32\profapi.dll
0x00007ffbf2540000 - 0x00007ffbf2559000 	C:\Program Files\Microsoft\jdk-11.0.18.10-hotspot\bin\net.dll
0x00007ffbfdeb0000 - 0x00007ffbfdfba000 	C:\Windows\SYSTEM32\WINHTTP.dll
0x00007ffc04fd0000 - 0x00007ffc0503a000 	C:\Windows\system32\mswsock.dll
0x00007ffbf2420000 - 0x00007ffbf2433000 	C:\Program Files\Microsoft\jdk-11.0.18.10-hotspot\bin\nio.dll
0x00007ffbf23f0000 - 0x00007ffbf2417000 	C:\Users\jorge\.gradle\native\e1d6ef7f7dcc3fd88c89a11ec53ec762bb8ba0a96d01ffa2cd45eb1d1d8dd5c5\windows-amd64\native-platform.dll
0x00007ffbfe840000 - 0x00007ffbfe84a000 	C:\Users\jorge\.gradle\native\jansi\1.18\windows64\jansi.dll
0x00007ffbfe820000 - 0x00007ffbfe829000 	C:\Program Files\Microsoft\jdk-11.0.18.10-hotspot\bin\management.dll
0x00007ffbfbaa0000 - 0x00007ffbfbaab000 	C:\Program Files\Microsoft\jdk-11.0.18.10-hotspot\bin\management_ext.dll
0x00007ffc051c0000 - 0x00007ffc051d8000 	C:\Windows\SYSTEM32\CRYPTSP.dll
0x00007ffc048f0000 - 0x00007ffc04924000 	C:\Windows\system32\rsaenh.dll
0x00007ffc05a90000 - 0x00007ffc05ab7000 	C:\Windows\System32\bcrypt.dll
0x00007ffc057b0000 - 0x00007ffc057de000 	C:\Windows\SYSTEM32\USERENV.dll
0x00007ffc051e0000 - 0x00007ffc051ec000 	C:\Windows\SYSTEM32\CRYPTBASE.dll
0x00007ffc04cc0000 - 0x00007ffc04cfc000 	C:\Windows\SYSTEM32\IPHLPAPI.DLL
0x00007ffc066e0000 - 0x00007ffc066e8000 	C:\Windows\System32\NSI.dll
0x00007ffbfea20000 - 0x00007ffbfea37000 	C:\Windows\SYSTEM32\dhcpcsvc6.DLL
0x00007ffbfeba0000 - 0x00007ffbfebbd000 	C:\Windows\SYSTEM32\dhcpcsvc.DLL
0x00007ffc04d00000 - 0x00007ffc04dcb000 	C:\Windows\SYSTEM32\DNSAPI.dll

dbghelp: loaded successfully - version: 4.0.5 - missing functions: none
symbol engine: initialized successfully - sym options: 0x614 - pdb path: .;C:\Program Files\Microsoft\jdk-11.0.18.10-hotspot\bin;C:\Windows\SYSTEM32;C:\Windows\WinSxS\amd64_microsoft.windows.common-controls_6595b64144ccf1df_6.0.19041.1110_none_60b5254171f9507e;C:\Program Files\Microsoft\jdk-11.0.18.10-hotspot\bin\server;C:\Users\jorge\.gradle\native\e1d6ef7f7dcc3fd88c89a11ec53ec762bb8ba0a96d01ffa2cd45eb1d1d8dd5c5\windows-amd64;C:\Users\jorge\.gradle\native\jansi\1.18\windows64

VM Arguments:
jvm_args: -Xmx64m -Xms64m -Dorg.gradle.appname=gradlew 
java_command: org.gradle.wrapper.GradleWrapperMain app:installDebug -PreactNativeDevServerPort=8081
java_class_path (initial): C:\xampp\htdocs\ComunitiesApp\android\\gradle\wrapper\gradle-wrapper.jar
Launcher Type: SUN_STANDARD

[Global flags]
     intx CICompilerCount                          = 4                                         {product} {ergonomic}
     uint ConcGCThreads                            = 2                                         {product} {ergonomic}
     uint G1ConcRefinementThreads                  = 8                                         {product} {ergonomic}
   size_t G1HeapRegionSize                         = 1048576                                   {product} {ergonomic}
    uintx GCDrainStackTargetSize                   = 64                                        {product} {ergonomic}
   size_t InitialHeapSize                          = 67108864                                  {product} {command line}
   size_t MarkStackSize                            = 4194304                                   {product} {ergonomic}
   size_t MaxHeapSize                              = 67108864                                  {product} {command line}
   size_t MaxNewSize                               = 39845888                                  {product} {ergonomic}
   size_t MinHeapDeltaBytes                        = 1048576                                   {product} {ergonomic}
    uintx NonNMethodCodeHeapSize                   = 5836300                                {pd product} {ergonomic}
    uintx NonProfiledCodeHeapSize                  = 122910970                              {pd product} {ergonomic}
    uintx ProfiledCodeHeapSize                     = 122910970                              {pd product} {ergonomic}
    uintx ReservedCodeCacheSize                    = 251658240                              {pd product} {ergonomic}
     bool SegmentedCodeCache                       = true                                      {product} {ergonomic}
     bool UseCompressedClassPointers               = true                                 {lp64_product} {ergonomic}
     bool UseCompressedOops                        = true                                 {lp64_product} {ergonomic}
     bool UseG1GC                                  = true                                      {product} {ergonomic}
     bool UseLargePagesIndividualAllocation        = false                                  {pd product} {ergonomic}

Logging:
Log output configuration:
 #0: stdout all=warning uptime,level,tags
 #1: stderr all=off uptime,level,tags

Environment Variables:
JAVA_HOME=C:\Program Files\Microsoft\jdk-11.0.18.10-hotspot\
CLASSPATH=C:\xampp\htdocs\ComunitiesApp\android\\gradle\wrapper\gradle-wrapper.jar
PATH=C:\xampp\htdocs\ComunitiesApp\android\node_modules\.bin;C:\xampp\htdocs\ComunitiesApp\node_modules\.bin;C:\xampp\htdocs\node_modules\.bin;C:\xampp\node_modules\.bin;C:\node_modules\.bin;C:\Program Files\nodejs;C:\xampp\htdocs\ComunitiesApp\node_modules\.bin;C:\xampp\htdocs\ComunitiesApp\node_modules\.bin;C:\xampp\htdocs\node_modules\.bin;C:\xampp\node_modules\.bin;C:\node_modules\.bin;C:\Program Files\nodejs\node_modules\npm\node_modules\@npmcli\run-script\lib\node-gyp-bin;C:\Program Files\Microsoft\jdk-11.0.18.10-hotspot\bin;C:\Windows\system32;C:\Windows;C:\Windows\System32\Wbem;C:\Windows\System32\WindowsPowerShell\v1.0\;C:\Windows\System32\OpenSSH\;C:\Program Files\nodejs\;C:\Program Files\Git\cmd;C:\xampp\php;C:\ProgramData\ComposerSetup\bin;C:\Program Files\dotnet\;C:\ProgramData\chocolatey\bin;C:\Program Files\MongoDB\Server\6.0\bin;C:\Program Files\mongosh;C:\Users\jorge\AppData\Local\Microsoft\WindowsApps;C:\Users\jorge\AppData\Local\Programs\Microsoft VS Code\bin;C:\Users\jorge\AppData\Roaming\npm;C:\Users\jorge\AppData\Roaming\Composer\vendor\bin;C:\Users\jorge\AppData\Local\Android\Sdk;C:\Users\jorge\AppData\Local\Android\Sdk\platform-tools;C:\Program Files\mongosh\
USERNAME=jorge
OS=Windows_NT
PROCESSOR_IDENTIFIER=AMD64 Family 23 Model 24 Stepping 1, AuthenticAMD
TMP=C:\Users\jorge\AppData\Local\Temp
TEMP=C:\Users\jorge\AppData\Local\Temp



---------------  S Y S T E M  ---------------

OS: Windows 10 , 64 bit Build 19041 (10.0.19041.2913)
OS uptime: 4 days 8:48 hours

CPU:total 8 (initial active 8) (8 cores per cpu, 2 threads per core) family 23 model 24 stepping 1 microcode 0x0, cmov, cx8, fxsr, mmx, sse, sse2, sse3, ssse3, sse4.1, sse4.2, popcnt, avx, avx2, aes, clmul, mmxext, 3dnowpref, lzcnt, sse4a, ht, tsc, tscinvbit, tscinv, bmi1, bmi2, adx, sha, fma

Memory: 4k page, system-wide physical 7623M (833M free)
TotalPageFile size 10623M (AvailPageFile size 12M)
current process WorkingSet (physical memory assigned to process): 94M, peak: 96M
current process commit charge ("private bytes"): 162M, peak: 164M

vm_info: OpenJDK 64-Bit Server VM (11.0.18+10-LTS) for windows-amd64 JRE (11.0.18+10-LTS), built on Jan 18 2023 15:56:47 by "MicrosoftCorporation" with MS VC++ 15.9 (VS2017)

END.
